
############################################################
AUTHENTICATED CRAWL - ALL TARGETS
Output: creatio-docs-authenticated
############################################################
=== Logging in to Academy ===
  Redirected to: https://profile.creatio.com/user/login?destination=academy/com
  Dismissed cookie dialog
  Filled email using: input[name="name"]
  Filled password using: input[name="pass"]
  Clicked submit using: input[type="submit"]
  ✓ Login successful! Current URL: https://academy.creatio.com/?login=1768535480

============================================================
Crawling: elearning
Start URL: https://academy.creatio.com/e-learning
Max pages: 200
============================================================
  [1/200] https://academy.creatio.com/e-learning...
    ✓ Saved: E-learning courses | Creatio Academy
  [2/200] https://academy.creatio.com/e-learning/tech-hour-creatio-831-release-h...
    ✓ Saved: Tech Hour: Creatio 8.3.1. Release highlights. Crea
  [3/200] https://academy.creatio.com/e-learning/development-creatio-platform...
    ✓ Saved: DEVELOPMENT ON CREATIO PLATFORM | Creatio Academy
  [4/200] https://academy.creatio.com/e-learning/tech-hour-creatio-823-release-h...
    ✓ Saved: Tech Hour: Creatio 8.2.3 Release Highlights | Crea
  [5/200] https://academy.creatio.com/e-learning/tech-hour-creatio-ai...
    ✓ Saved: Tech Hour: Creatio AI | Creatio Academy
  [6/200] https://academy.creatio.com/e-learning/no-code-playbook-leader...
    ✓ Saved: No-code Playbook: Leader | Creatio Academy
  [7/200] https://academy.creatio.com/e-learning/marketing-tools...
    ✓ Saved: MARKETING TOOLS | Creatio Academy
  [8/200] https://academy.creatio.com/e-learning/tech-hour-creatio-832-release-h...
    ✓ Saved: Tech Hour: Creatio 8.3.2. Release highlights | Cre
  [9/200] https://academy.creatio.com/e-learning/tech-hour-creatio-82-energy-rel...
    ✓ Saved: Tech Hour: Creatio 8.2 Energy Release Highlights |
  [10/200] https://academy.creatio.com/e-learning/no-code-playbook-creator...
    ✓ Saved: NO-CODE PLAYBOOK: Creator | Creatio Academy
  [11/200] https://academy.creatio.com/e-learning/tech-hour-email-marketing-maste...
    ✓ Saved: Tech Hour: Email Marketing – Mastering the New Ema
  [12/200] https://academy.creatio.com/e-learning/tech-hour-creatio-814-release-h...
    ✓ Saved: Tech Hour: Creatio 8.1.4 Release Highlights | Crea
  [13/200] https://academy.creatio.com/e-learning/tech-hour-812-release-highlight...
    ✓ Saved: Tech Hour: 8.1.2 release highlights | Creatio Acad
  [14/200] https://academy.creatio.com/e-learning/bpm-tools...
    ✓ Saved: BPM TOOLS | Creatio Academy
  [15/200] https://academy.creatio.com/e-learning/creatioai-custom-skills-agents...
    ✓ Saved: Creatio.ai Custom Skills & Agents | Creatio Academ
  [16/200] https://academy.creatio.com/e-learning/sales-tools...
    ✓ Saved: SALES TOOLS | Creatio Academy
  [17/200] https://academy.creatio.com/e-learning/tech-hour-marketing-emails...
    ✓ Saved: Tech Hour: Marketing emails | Creatio Academy
  [18/200] https://academy.creatio.com/e-learning/creatioai-pre-built-crm-agents...
    ✓ Saved: Creatio.ai Pre-built CRM Agents | Creatio Academy
  [19/200] https://academy.creatio.com/e-learning/creatioai-foundational-introduc...
    ✓ Saved: Creatio.ai Foundational & Introductory | Creatio A
  [20/200] https://academy.creatio.com/e-learning/processing-multiple-records-cre...
    ✓ Saved: Processing Multiple Records in Creatio: Collection
  [21/200] https://academy.creatio.com/e-learning/platform...
    ✓ Saved: PLATFORM | Creatio Academy
  [22/200] https://academy.creatio.com/e-learning/tech-hour-creatio-831-release-h...
    ✓ Saved: Tech Hour: Creatio 8.3.1. Release Highlights: No-C
  [23/200] https://academy.creatio.com/e-learning/tech-hour-creatio-83-twin-relea...
    ✓ Saved: Tech Hour: Creatio 8.3 Twin Release Highlights | C
  [24/200] https://academy.creatio.com/e-learning/tech-hour-smart-navigation-how-...
    ✓ Saved: Tech hour: Smart Navigation: How to Build and Conf
  [25/200] https://academy.creatio.com/e-learning/boost-engagement-dynamic-email-...
    ✓ Saved: Boost Engagement with Dynamic Email Content in Cre
  [26/200] https://academy.creatio.com/e-learning/common-features...
    ✓ Saved: COMMON FEATURES | Creatio Academy
  [27/200] https://academy.creatio.com/e-learning/tech-hour-creatio-822-release-h...
    ✓ Saved: Tech Hour: Creatio 8.2.2 Release Highlights | Crea
  [28/200] https://academy.creatio.com/e-learning/dashboard-essentials-visualizin...
    ✓ Saved: Dashboard Essentials: Visualizing Your Data in Cre
  [29/200] https://academy.creatio.com/e-learning/tech-hour-building-landing-page...
    ✓ Saved: Tech Hour: Building Landing Pages with Creatio | C
  [30/200] https://academy.creatio.com/e-learning/service-tools...
    ✓ Saved: SERVICE TOOLS | Creatio Academy
  [31/200] https://academy.creatio.com/e-learning/data-action-using-google-analyt...
    ✓ Saved: From Data to Action: Using Google Analytics Inside
  [32/200] https://academy.creatio.com/e-learning/setup-and-administration...
    ✓ Saved: SETUP AND ADMINISTRATION | Creatio Academy

  Completed elearning: 32 pages

============================================================
Crawling: training
Start URL: https://academy.creatio.com/training
Max pages: 50
============================================================
  [1/50] https://academy.creatio.com/training...
    ✓ Saved: Training | Creatio Academy
  [2/50] https://academy.creatio.com/training/full-crm-bundle-functionality-end...
    ✓ Saved: Full CRM bundle functionality for end-users | Crea
  [3/50] https://academy.creatio.com/training/creatioai-us-0...
    ✓ Saved: Creatio.ai (US) | Creatio Academy
  [4/50] https://academy.creatio.com/training/creatio-sales-functionality-end-u...
    ✓ Saved: Creatio Sales functionality for end-users | Creati
  [5/50] https://academy.creatio.com/training/development-creatio-platform-us-0...
    ✓ Saved: Development on Creatio platform (US) | Creatio Aca
  [6/50] https://academy.creatio.com/training/development-creatio-platform-us-1...
    ✓ Saved: Development on Creatio platform (US) | Creatio Aca
  [7/50] https://academy.creatio.com/training/creatio-administration-and-config...
    ✓ Saved: Creatio administration and configuration | Creatio
  [8/50] https://academy.creatio.com/training/creatio-service-functionality-end...
    ✓ Saved: Creatio Service functionality for end-users | Crea
  [9/50] https://academy.creatio.com/training/creatio-marketing-functionality-e...
    ✓ Saved: Creatio Marketing functionality for end-users | Cr
  [10/50] https://academy.creatio.com/training/development-creatio-platform-0...
    ✓ Saved: Development on Creatio platform | Creatio Academy
  [11/50] https://academy.creatio.com/training/register/81...
    ✓ Saved: Register for Full CRM bundle functionality for end
  [12/50] https://academy.creatio.com/training/register/199...
    ✓ Saved: Register for Creatio.ai (US) | Creatio Academy
  [13/50] https://academy.creatio.com/training/register/50...
    ✓ Saved: Register for Creatio Sales functionality for end-u
  [14/50] https://academy.creatio.com/training/register/189...
    ✓ Saved: Register for Development on Creatio platform (US) 
  [15/50] https://academy.creatio.com/training/register/198...
    ✓ Saved: Register for Development on Creatio platform (US) 
  [16/50] https://academy.creatio.com/training/register/47...
    ✓ Saved: Register for Creatio administration and configurat
  [17/50] https://academy.creatio.com/training/register/96...
    ✓ Saved: Register for Creatio Service functionality for end
  [18/50] https://academy.creatio.com/training/register/95...
    ✓ Saved: Register for Creatio Marketing functionality for e
  [19/50] https://academy.creatio.com/training/register/48...
    ✓ Saved: Register for Development on Creatio platform | Cre

  Completed training: 19 pages

============================================================
Crawling: certification
Start URL: https://academy.creatio.com/certification
Max pages: 30
============================================================
  [1/30] https://academy.creatio.com/certification...
    ✓ Saved: Certification & Tests | Creatio Academy
  [2/30] https://academy.creatio.com/certification/creatio-sales-basic...
    ✓ Saved: Creatio Sales | Creatio Academy
  [3/30] https://academy.creatio.com/certification/creatio-service-basic...
    ✓ Saved: Creatio Service | Creatio Academy
  [4/30] https://academy.creatio.com/certification/creatio-marketing-basic...
    ✓ Saved: Creatio Marketing | Creatio Academy
  [5/30] https://academy.creatio.com/certification/register/19...
    ✓ Saved: Register for Creatio Sales | Creatio Academy
  [6/30] https://academy.creatio.com/certification/register/30...
    ✓ Saved: Register for Creatio Service | Creatio Academy
  [7/30] https://academy.creatio.com/certification/register/29...
    ✓ Saved: Register for Creatio Marketing | Creatio Academy

  Completed certification: 7 pages
=== Logging in to Community ===
  Redirected to: https://community.creatio.com/user/186725?check_logged_in=1
  ✓ Already authenticated via SSO!

============================================================
Crawling: community
Start URL: https://community.creatio.com
Max pages: 300
============================================================
  [1/300] https://community.creatio.com...
    ✓ Saved: Feed | Community Creatio
  [2/300] https://community.creatio.com/questions/how-make-folder-pane-bigger...
    ✓ Saved: How to make folder pane bigger | Community Creatio
  [3/300] https://community.creatio.com/user/206995...
    ✓ Saved: Feed | Community Creatio
  [4/300] https://community.creatio.com/user/214454...
    ✓ Saved: Georgia Dummett - Profile | Community Creatio
  [5/300] https://community.creatio.com/questions/cant-use-email-designer-after-...
    ✓ Saved: Can't Use Email Designer After Moving Package | Co
  [6/300] https://community.creatio.com/user/210640...
    ✓ Saved: Monisha Chhablani - Profile | Community Creatio
  [7/300] https://community.creatio.com/comment/reply/node/41833/comment/93344...
    ✓ Saved: Add new comment | Community Creatio
  [8/300] https://community.creatio.com/flag/flag/bookmark/41834/teaser?destinat...
    ✓ Saved: Feed | Community Creatio
  [9/300] https://community.creatio.com/filter/tips...
    ✓ Saved: Compose tips | Community Creatio
  [10/300] https://community.creatio.com/flag/flag/bookmark/41835/teaser?destinat...
    ✓ Saved: Feed | Community Creatio
  [11/300] https://community.creatio.com/user/logout...
    ✓ Saved: Are you sure you want to log out? | Creatio
  [12/300] https://community.creatio.com/comment/reply/node/41833/comment/93348...
    ✓ Saved: Add new comment | Community Creatio
  [13/300] https://community.creatio.com/questions/add-button-all-rows-data-grid-...
    ✓ Saved: Access denied | Community Creatio
  [14/300] https://community.creatio.com/questions/important-move-package-between...
    ✓ Saved: Important! Move Package Between Environments | Com
  [15/300] https://community.creatio.com/user/179526...
    ✓ Saved: Teresa Keil - Profile | Community Creatio
  [16/300] https://community.creatio.com/comment/reply/node/41834/comment/93345...
    ✓ Saved: Add new comment | Community Creatio
  [17/300] https://community.creatio.com/flag/flag/bookmark/41832/teaser?destinat...
    ✓ Saved: Access denied | Community Creatio
  [18/300] https://community.creatio.com/user/215774...
    ✓ Saved: Eduard Dovydovskyi - Profile | Community Creatio
  [19/300] https://community.creatio.com/user/211788...
    ✓ Saved: Greg Halvorsen - Profile | Community Creatio
  [20/300] https://community.creatio.com/user/186660...
    ✓ Saved: Alejandro González Momblán - Profile | Community C
  [21/300] https://community.creatio.com/flag/flag/bookmark/41833/teaser?destinat...
    ✓ Saved: Access denied | Community Creatio
  [22/300] https://community.creatio.com/user/186725/user-change...
    ✓ Saved: Set up your profile info | Creatio
  [23/300] https://community.creatio.com/members...
    ✓ Saved: Members | Community Creatio
  [24/300] https://community.creatio.com/node...
    ✓ Saved: Feed | Community Creatio
  [25/300] https://community.creatio.com/user/201461...
    ✓ Saved: Malika - Profile | Community Creatio
  [26/300] https://community.creatio.com/comment/reply/node/41832/comment/93343...
    ✓ Saved: Add new comment | Community Creatio
  [27/300] https://community.creatio.com/questions/how-can-we-disable-clickable-e...
    ✓ Saved: How can we disable the clickable Email and Phone (
  [28/300] https://community.creatio.com/user...
    ✓ Saved: Andrew Magown - Profile | Community Creatio
  [29/300] https://community.creatio.com/user/updates...
    ✓ Saved: My updates | Community Creatio
  [30/300] https://community.creatio.com/questions/tile-view-freedom-ui-bulk-emai...
    ✓ Saved: Tile View in Freedom UI for the Bulk emails app | 
  [31/300] https://community.creatio.com/questions/package-installation-error-3...
    ✓ Saved: Package Installation Error | Community Creatio
  [32/300] https://community.creatio.com/rss.xml...
    ✓ Saved: 
  [33/300] https://community.creatio.com/questions/multiple-selection...
    ✓ Saved: Multiple Selection | Community Creatio
  [34/300] https://community.creatio.com/user/214595...
    ✓ Saved: Jeff Ballard - Profile | Community Creatio
  [35/300] https://community.creatio.com/user/214416...
    ✓ Saved: Yelyzaveta Shchyrova - Profile | Community Creatio
  [36/300] https://community.creatio.com/questions/issue-adding-whatsapp-channel-...
    ✓ Saved: Issue Adding WhatsApp Channel in Creatio WhatsApp 
  [37/300] https://community.creatio.com/user/218158...
    ✓ Saved: Alex Lisowki - Profile | Community Creatio
  [38/300] https://community.creatio.com/comment/reply/node/41834/comment/93341...
    ✓ Saved: Add new comment | Community Creatio
  [39/300] https://community.creatio.com/user/bookmarks...
    ✓ Saved: Bookmarks | Community Creatio
  [40/300] https://community.creatio.com/user/178907...
    ✓ Saved: Julia Molnar - Profile | Community Creatio
  [41/300] https://community.creatio.com/questions/incapsula-incident-id-error-wh...
    ✓ Saved: Incapsula incident ID error when using OData with 
  [42/300] https://community.creatio.com/user/180027...
    ✓ Saved: Solem Khn - Profile | Community Creatio
  [43/300] https://community.creatio.com/flag/flag/bookmark/41836/teaser?destinat...
    ✓ Saved: Access denied | Community Creatio
  [44/300] https://community.creatio.com/ideas/file-checker-false-positive-trigge...
    ✓ Saved: File checker false positive triggered by an SVG co
  [45/300] https://community.creatio.com/user/210766...
    ✓ Saved: souresh khandelwal - Profile | Community Creatio
  [46/300] https://community.creatio.com/user/177809...
    ✓ Saved: Ryan Farley - Profile | Community Creatio
  [47/300] https://community.creatio.com/questions/important-business-process-cus...
    ✓ Saved: Important!!! Business Process From Custom Web-Serv
  [48/300] https://community.creatio.com/questions/configuration-custom-charts-pr...
    ✓ Saved: Configuration of Custom Charts in Printable Report
  [49/300] https://community.creatio.com/user/65142...
    ✓ Saved: Rommel Bocker - Profile | Community Creatio
  [50/300] https://community.creatio.com/questions/validation-creatio...
    ✓ Saved: Validation in Creatio | Community Creatio
  [51/300] https://community.creatio.com/tags/folderpane...
    ✓ Saved: Feed | Community Creatio
  [52/300] https://community.creatio.com/tags/folders...
    ✓ Saved: Feed | Community Creatio
  [53/300] https://community.creatio.com/tags/salescreatio-81...
    ✓ Saved: Feed | Community Creatio
  [54/300] https://community.creatio.com/flag/flag/bookmark/41832/full?destinatio...
    ✓ Saved: Access denied | Community Creatio
  [55/300] https://community.creatio.com/tags/8-0...
    ✓ Saved: Feed | Community Creatio
  [56/300] https://community.creatio.com/flag/flag/following/214454/default?desti...
    ✓ Saved: Access denied | Community Creatio
  [57/300] https://community.creatio.com/tags/studiocreatio-66...
    ✓ Saved: Feed | Community Creatio
  [58/300] https://community.creatio.com/flag/flag/bookmark/41834/full?destinatio...
    ✓ Saved: Access denied | Community Creatio
  [59/300] https://community.creatio.com/questions/how-can-we-restrict-duplicate-...
    ✓ Saved: How can we restrict duplicate contacts in Creatio?
  [60/300] https://community.creatio.com/flag/flag/following/210640/default?desti...
    ✓ Saved: Access denied | Community Creatio
  [61/300] https://community.creatio.com/questions/how-can-we-export-dashboards-o...
    ✓ Saved: How can we export Dashboards or Homepages as repor
  [62/300] https://community.creatio.com/questions/how-can-we-use-multiselect-fie...
    ✓ Saved: How can we use a multiselect field in business rul
  [63/300] https://community.creatio.com/questions/how-include-conversation-detai...
    ✓ Saved: How to include conversation details in the Case re
  [64/300] https://community.creatio.com/questions/outgoing-emails-not-visible-un...
    ✓ Saved: Outgoing Emails Not Visible Under Conversation Tab
  [65/300] https://community.creatio.com/flag/unflag/bookmark/41834/teaser?destin...
    ✓ Saved: Access denied | Community Creatio
  [66/300] https://community.creatio.com/flag/unflag/bookmark/41835/teaser?destin...
    ✓ Saved: Access denied | Community Creatio
  [67/300] https://community.creatio.com/tags/transfer-package...
    ✓ Saved: Feed | Community Creatio
  [68/300] https://community.creatio.com/comment/reply/node/40824/comment/91428...
    ✓ Saved: Add new comment | Community Creatio
  [69/300] https://community.creatio.com/comment/reply/node/40824/comment/91034...
    ✓ Saved: Add new comment | Community Creatio
  [70/300] https://community.creatio.com/flag/flag/bookmark/40824/full?destinatio...
    ✓ Saved: Important! Move Package Between Environments | Com
  [71/300] https://community.creatio.com/comment/reply/node/40824/comment/91022...
    ✓ Saved: Add new comment | Community Creatio
  [72/300] https://community.creatio.com/comment/reply/node/40824/comment/93342...
    ✓ Saved: Add new comment | Community Creatio
  [73/300] https://community.creatio.com/questions/ab-split-testing-campaigns...
    ✓ Saved: A/B Split Testing in Campaigns | Community Creatio
  [74/300] https://community.creatio.com/questions/how-determine-free-disk-space...
    ✓ Saved: How to determine free disk space | Community Creat
  [75/300] https://community.creatio.com/flag/flag/following/179526/default?desti...
    ✓ Saved: Teresa Keil - Profile | Community Creatio
  [76/300] https://community.creatio.com/questions/setting-mobile-section-list-se...
    ✓ Saved: Setting up mobile section list & section pages | C
  [77/300] https://community.creatio.com/questions/contact-access-rights...
    ✓ Saved: Contact Access Rights | Community Creatio
  [78/300] https://community.creatio.com/flag/flag/following/215774/default?desti...
    ✓ Saved: Eduard Dovydovskyi - Profile | Community Creatio
  [79/300] https://community.creatio.com/flag/flag/following/211788/default?desti...
    ✓ Saved: Greg Halvorsen - Profile | Community Creatio
  [80/300] https://community.creatio.com/questions/changing-outlook-passwords...
    ✓ Saved: Changing Outlook Passwords | Community Creatio
  [81/300] https://community.creatio.com/questions/how-fix-issue-method-being-exe...
    ✓ Saved: How to fix an issue with a method being executed t
  [82/300] https://community.creatio.com/questions/how-let-users-create-lookup-va...
    ✓ Saved: How to let users create lookup values on data impo
  [83/300] https://community.creatio.com/questions/how-get-current-record-id-and-...
    ✓ Saved: How to get current record id and Schema UId within
  [84/300] https://community.creatio.com/flag/flag/following/186660/default?desti...
    ✓ Saved: Alejandro González Momblán - Profile | Community C
  [85/300] https://community.creatio.com/questions/how-add-new-registers-inside-g...
    ✓ Saved: How to add new registers inside a given section us
  [86/300] https://community.creatio.com/questions/error-trying-perform-api-call-...
    ✓ Saved: Error trying to perform API call from a business p
  [87/300] https://community.creatio.com/questions/question-regarding-calendar-pa...
    ✓ Saved: Question regarding calendar page | Community Creat
  [88/300] https://community.creatio.com/questions/how-access-attached-file-infor...
    ✓ Saved: How to access attached file information via OData 
  [89/300] https://community.creatio.com/questions/new-business-process-parameter...
    ✓ Saved: New business process parameter type | Community Cr
  [90/300] https://community.creatio.com/questions/how-create-business-process-me...
    ✓ Saved: How to create a business process to merge duplicat
  [91/300] https://community.creatio.com/questions/how-hide-feed-area-agent-deskt...
    ✓ Saved: How to hide feed area in the agent desktop? | Comm
  [92/300] https://community.creatio.com/questions/how-upload-fileattachment-usin...
    ✓ Saved: How to upload file/attachment using FileApiService
  [93/300] https://community.creatio.com/questions/how-setup-custom-channel-provi...
    ✓ Saved: How to setup a custom channel provider | Community
  [94/300] https://community.creatio.com/user/178737...
    ✓ Saved: Adharsh - Profile | Community Creatio
  [95/300] https://community.creatio.com/user/202470...
    ✓ Saved: Ismail el lahya - Profile | Community Creatio
  [96/300] https://community.creatio.com/user/178709...
    ✓ Saved: Anna Stolichnova - Profile | Community Creatio
  [97/300] https://community.creatio.com/user/186748...
    ✓ Saved: Kashish Shakeel - Profile | Community Creatio
  [98/300] https://community.creatio.com/user/177914...
    ✓ Saved: Massimiliano Mazzacurati - Profile | Community Cre
  [99/300] https://community.creatio.com/user/202471...
    ✓ Saved: Hamma Elmehdi - Profile | Community Creatio
  [100/300] https://community.creatio.com/user/206924...
    ✓ Saved: Carlos Soto - Profile | Community Creatio
  [101/300] https://community.creatio.com/user/185182...
    ✓ Saved: smit suthar - Profile | Community Creatio
  [102/300] https://community.creatio.com/user/178159...
    ✓ Saved: Luis Tinoco Azevedo - Profile | Community Creatio
  [103/300] https://community.creatio.com/user/206534...
    ✓ Saved: Ajay - Profile | Community Creatio
  [104/300] https://community.creatio.com/user/180968...
    ✓ Saved: Damien Collot - Profile | Community Creatio
  [105/300] https://community.creatio.com/user/216063...
    ✓ Saved: Nikita Pareek - Profile | Community Creatio
  [106/300] https://community.creatio.com/user/178620...
    ✓ Saved: Igor Telezhenko - Profile | Community Creatio
  [107/300] https://community.creatio.com/user/201316...
    ✓ Saved: Anas Masa'deh - Profile | Community Creatio
  [108/300] https://community.creatio.com/user/182923...
    ✓ Saved: Geeviniy Vazavan - Profile | Community Creatio
  [109/300] https://community.creatio.com/user/213310...
    ✓ Saved: Udit Sharma - Profile | Community Creatio
  [110/300] https://community.creatio.com/user/178928...
    ✓ Saved: Alex Prusakov - Profile | Community Creatio
  [111/300] https://community.creatio.com/user/201502...
    ✓ Saved: farah sadeq mahmoud - Profile | Community Creatio
  [112/300] https://community.creatio.com/user/201315...
    ✓ Saved: moath - Profile | Community Creatio
  [113/300] https://community.creatio.com/flag/flag/following/201461/default?desti...
    ✓ Saved: Malika - Profile | Community Creatio
  [114/300] https://community.creatio.com/flag/flag/bookmark/41805/full?destinatio...
    ✓ Saved: How can we disable the clickable Email and Phone (
  [115/300] https://community.creatio.com/tags/contact...
    ✓ Saved: Feed | Community Creatio
  [116/300] https://community.creatio.com/comment/reply/node/41805/comment/93287...
    ✓ Saved: Add new comment | Community Creatio
  [117/300] https://community.creatio.com/comment/reply/node/41805/comment/93280...
    ✓ Saved: Add new comment | Community Creatio
  [118/300] https://community.creatio.com/comment/reply/node/41805/comment/93346...
    ✓ Saved: Add new comment | Community Creatio
  [119/300] https://community.creatio.com/tags/custom-css...
    ✓ Saved: Feed | Community Creatio
  [120/300] https://community.creatio.com/user/213979...
    ✓ Saved: Mohammad Arman Khan - Profile | Community Creatio
  [121/300] https://community.creatio.com/questions/business-process-calculated-su...
    ✓ Saved: Business Process - calculated sum not modifying in
  [122/300] https://community.creatio.com/questions/718-how-transfer-package-eleme...
    ✓ Saved: 7.18 - How to transfer Package elements from defau
  [123/300] https://community.creatio.com/questions/freedom-ui-list-page-item-proc...
    ✓ Saved: Freedom UI List Page: "Item process schema "" not 
  [124/300] https://community.creatio.com/user/186725...
    ✓ Saved: Andrew Magown - Profile | Community Creatio
  [125/300] https://community.creatio.com/questions/can-i-create-new-section-exist...
    ✓ Saved: Can I Create a new section with an existing object
  [126/300] https://community.creatio.com/user/ajax/profile/edit...
    ✓ Saved: Client error | Community Creatio
  [127/300] https://community.creatio.com/questions/dropdown-option-fieldsdetails-...
    ✓ Saved: Dropdown option for fields/details in Section Wiza
  [128/300] https://community.creatio.com/tags/feature-requests...
    ✓ Saved: Feed | Community Creatio
  [129/300] https://community.creatio.com/tags/bulk-emails...
    ✓ Saved: Feed | Community Creatio
  [130/300] https://community.creatio.com/flag/flag/bookmark/41833/full?destinatio...
    ✓ Saved: Tile View in Freedom UI for the Bulk emails app | 
  [131/300] https://community.creatio.com/tags/freedomui-0...
    ✓ Saved: Feed | Community Creatio
  [132/300] https://community.creatio.com/tags/tileview...
    ✓ Saved: Feed | Community Creatio
  [133/300] https://community.creatio.com/user/183481...
    ✓ Saved: Sivaranjani - Profile | Community Creatio
  [134/300] https://community.creatio.com/comment/reply/node/38284/comment/86770...
    ✓ Saved: Add new comment | Community Creatio
  [135/300] https://community.creatio.com/user/201903...
    ✓ Saved: Julio Falcon (Cibernética) - Profile | Community C
  [136/300] https://community.creatio.com/comment/reply/node/38284/comment/86769...
    ✓ Saved: Add new comment | Community Creatio
  [137/300] https://community.creatio.com/comment/reply/node/38284/comment/93332...
    ✓ Saved: Add new comment | Community Creatio
  [138/300] https://community.creatio.com/comment/reply/node/38284/comment/86035...
    ✓ Saved: Add new comment | Community Creatio
  [139/300] https://community.creatio.com/comment/reply/node/38284/comment/93328...
    ✓ Saved: Add new comment | Community Creatio
  [140/300] https://community.creatio.com/flag/flag/bookmark/38284/full?destinatio...
    ✓ Saved: Package Installation Error | Community Creatio
  [141/300] https://community.creatio.com/comment/reply/node/38284/comment/93337...
    ✓ Saved: Add new comment | Community Creatio
  [142/300] https://community.creatio.com/user/185667...
    ✓ Saved: Feed | Community Creatio
  [143/300] https://community.creatio.com/flag/flag/bookmark/41836/full?destinatio...
    ✓ Saved: Multiple Selection | Community Creatio
  [144/300] https://community.creatio.com/tags/salescreatioenterpriseedition...
    ✓ Saved: Feed | Community Creatio
  [145/300] https://community.creatio.com/questions/how-create-bulk-email-using-cl...
    ✓ Saved: How to Create Bulk Email Using Classic UI? | Commu
  [146/300] https://community.creatio.com/questions/start-timer-not-firing...
    ✓ Saved: Start Timer Not Firing | Community Creatio
  [147/300] https://community.creatio.com/flag/flag/following/214595/default?desti...
    ✓ Saved: Jeff Ballard - Profile | Community Creatio
  [148/300] https://community.creatio.com/questions/using-azure-sql-database-possi...
    ✓ Saved: Is Using an Azure SQL Database Possible/Supported?
  [149/300] https://community.creatio.com/flag/flag/following/214416/default?desti...
    ✓ Saved: Yelyzaveta Shchyrova - Profile | Community Creatio
  [150/300] https://community.creatio.com/comment/reply/node/41823/comment/93319...
    ✓ Saved: Add new comment | Community Creatio
  [151/300] https://community.creatio.com/tags/whatsappintegration-0...
    ✓ Saved: Feed | Community Creatio
  [152/300] https://community.creatio.com/flag/flag/bookmark/41823/full?destinatio...
    ✓ Saved: Issue Adding WhatsApp Channel in Creatio WhatsApp 
  [153/300] https://community.creatio.com/comment/reply/node/41823/comment/93338...
    ✓ Saved: Add new comment | Community Creatio
  [154/300] https://community.creatio.com/comment/reply/node/41823/comment/93329...
    ✓ Saved: Add new comment | Community Creatio
  [155/300] https://community.creatio.com/user/205645...
    ✓ Saved: ANIKET RAMCHANDRA NANAVARE - Profile | Community C
  [156/300] https://community.creatio.com/tags/issueaddingwhatsappchannelincreatio...
    ✓ Saved: Feed | Community Creatio
  [157/300] https://community.creatio.com/ideas/freedom-ui-elastic-glob-search-fie...
    ✓ Saved: Freedom UI - Elastic / Glob for search fields | Co
  [158/300] https://community.creatio.com/flag/flag/following/218158/default?desti...
    ✓ Saved: Alex Lisowki - Profile | Community Creatio
  [159/300] https://community.creatio.com/flag/unflag/bookmark/41835/default?desti...
    ✓ Saved: Bookmarks | Community Creatio
  [160/300] https://community.creatio.com/flag/unflag/bookmark/41834/default?desti...
    ✓ Saved: Bookmarks | Community Creatio
  [161/300] https://community.creatio.com/flag/unflag/bookmark/40727/default?desti...
    ✓ Saved: Bookmarks | Community Creatio
  [162/300] https://community.creatio.com/flag/flag/following/178907/default?desti...
    ✓ Saved: Julia Molnar - Profile | Community Creatio
  [163/300] https://community.creatio.com/questions/how-change-timer-daysmonth...
    ✓ Saved: How to change timer to days/month | Community Crea
  [164/300] https://community.creatio.com/questions/comparing-2-years-figures-fore...
    ✓ Saved: Comparing 2 years of figures in the forecast secti
  [165/300] https://community.creatio.com/questions/many-many-relationships-brands...
    ✓ Saved: Many to Many relationships - Brands & Models | Com
  [166/300] https://community.creatio.com/questions/emailing-invoices-clients...
    ✓ Saved: Emailing Invoices to clients | Community Creatio
  [167/300] https://community.creatio.com/questions/leave-request-template-not-sta...
    ✓ Saved: Leave request template - not starting | Community 
  [168/300] https://community.creatio.com/questions/twilio-connector-unable-receiv...
    ✓ Saved: Twilio connector - unable to receive sms - incorre
  [169/300] https://community.creatio.com/flag/flag/bookmark/41828/full?destinatio...
    ✓ Saved: Incapsula incident ID error when using OData with 
  [170/300] https://community.creatio.com/tags/oauth...
    ✓ Saved: Feed | Community Creatio
  [171/300] https://community.creatio.com/user/182127...
    ✓ Saved: Mira Dmitruk - Profile | Community Creatio
  [172/300] https://community.creatio.com/tags/odata...
    ✓ Saved: Feed | Community Creatio
  [173/300] https://community.creatio.com/tags/incapsula...
    ✓ Saved: Feed | Community Creatio
  [174/300] https://community.creatio.com/comment/reply/node/41828/comment/93335...
    ✓ Saved: Add new comment | Community Creatio
  [175/300] https://community.creatio.com/comment/reply/node/41828/comment/93336...
    ✓ Saved: Add new comment | Community Creatio
  [176/300] https://community.creatio.com/questions/page-not-allowed-due-acl-setup...
    ✓ Saved: Page not allowed due to ACL setup | Community Crea
  [177/300] https://community.creatio.com/questions/data-import-shows-no-sign-comp...
    ✓ Saved: Data import shows no sign of completion | Communit
  [178/300] https://community.creatio.com/questions/bp-process-file-and-s3...
    ✓ Saved: BP Process file and S3 | Community Creatio
  [179/300] https://community.creatio.com/questions/need-some-idea-lookups-new-rec...
    ✓ Saved: [Need some Idea] Lookup's new record closes parent
  [180/300] https://community.creatio.com/questions/how-access-all-items-thas-was-...
    ✓ Saved: How access all items thas was modified on Freedom 
  [181/300] https://community.creatio.com/questions/classic-update-correct-dcm...
    ✓ Saved: Classic Update to correct DCM | Community Creatio
  [182/300] https://community.creatio.com/questions/excel-reports-builder...
    ✓ Saved: Excel Reports Builder | Community Creatio
  [183/300] https://community.creatio.com/questions/changing-detail-opening-edit-r...
    ✓ Saved: Changing detail from opening an edit record to a c
  [184/300] https://community.creatio.com/questions/modify-timeline-entity...
    ✓ Saved: Modify Timeline Entity | Community Creatio
  [185/300] https://community.creatio.com/questions/richtextbox-failed-embed-photo...
    ✓ Saved: RichTextBox failed to embed photos | Community Cre
  [186/300] https://community.creatio.com/questions/trying-display-detail-modal...
    ✓ Saved: Trying to display Detail in a Modal | Community Cr
  [187/300] https://community.creatio.com/questions/mobile-list-sorting...
    ✓ Saved: Mobile List Sorting | Community Creatio
  [188/300] https://community.creatio.com/questions/feed-not-showing-new-entry...
    ✓ Saved: Feed not showing new entry | Community Creatio
  [189/300] https://community.creatio.com/questions/get-process-log-id-while-runni...
    ✓ Saved: Get Process Log ID while Running | Community Creat
  [190/300] https://community.creatio.com/flag/flag/following/180027/default?desti...
    ✓ Saved: Solem Khn - Profile | Community Creatio
  [191/300] https://community.creatio.com/questions/where-section-wizard-83...
    ✓ Saved: Where is Section Wizard in 8.3 | Community Creatio
  [192/300] https://community.creatio.com/questions/mobile-detail-list-view-sorted...
    ✓ Saved: Mobile Detail List View is Sorted by Embedded List
  [193/300] https://community.creatio.com/questions/filteron-error-filtergroupaddi...
    ✓ Saved: Filter.On error on FilterGroup.AddItem | Community
  [194/300] https://community.creatio.com/questions/ways-display-filtering-option-...
    ✓ Saved: Ways to display filtering Option like Advance Filt
  [195/300] https://community.creatio.com/questions/freedom-minipage-classic-secti...
    ✓ Saved: Freedom MiniPage on Classic Section/Details | Comm
  [196/300] https://community.creatio.com/questions/problem-closing-modal-base-bas...
    ✓ Saved: Problem closing a Modal base on BasePageV2 | Commu
  [197/300] https://community.creatio.com/comment/reply/node/41829/comment/93339...
    ✓ Saved: Add new comment | Community Creatio
  [198/300] https://community.creatio.com/node/41829/revisions...
    ✓ Saved: Revisions for File checker false positive triggere
  [199/300] https://community.creatio.com/tags/bug...
    ✓ Saved: Feed | Community Creatio
  [200/300] https://community.creatio.com/flag/flag/bookmark/41829/full?destinatio...
    ✓ Saved: File checker false positive triggered by an SVG co
  [201/300] https://community.creatio.com/questions/how-perform-case-insensitive-s...
    ✓ Saved: How to perform case-insensitive string comparison 
  [202/300] https://community.creatio.com/questions/modify-login-functionality...
    ✓ Saved: Modify Login Functionality | Community Creatio
  [203/300] https://community.creatio.com/questions/integrate-freshcaller-applicat...
    ✓ Saved: Integrate Freshcaller Application | Community Crea
  [204/300] https://community.creatio.com/questions/important-dependent-dropdown-n...
    ✓ Saved: Important! Dependent Dropdown is not working (v8.3
  [205/300] https://community.creatio.com/questions/access-login-page-schema...
    ✓ Saved: Access Of Login Page Schema | Community Creatio
  [206/300] https://community.creatio.com/questions/submenu-item-button...
    ✓ Saved: Submenu Item Of Button | Community Creatio
  [207/300] https://community.creatio.com/questions/localhost-not-working...
    ✓ Saved: Localhost is not working | Community Creatio
  [208/300] https://community.creatio.com/questions/important-edit-portal-main-pag...
    ✓ Saved: Important!! Edit Portal Main Page | Community Crea
  [209/300] https://community.creatio.com/questions/response-status404-custom-web-...
    ✓ Saved: Response status:404 -> Custom Web Service on Custo
  [210/300] https://community.creatio.com/flag/flag/following/210766/default?desti...
    ✓ Saved: souresh khandelwal - Profile | Community Creatio
  [211/300] https://community.creatio.com/questions/important-how-validate-communi...
    ✓ Saved: Important!!! How to Validate Communication Options
  [212/300] https://community.creatio.com/questions/business-process-backend-scrip...
    ✓ Saved: Business Process from Backend Script (C#) | Commun
  [213/300] https://community.creatio.com/questions/adding-related-objects-field-m...
    ✓ Saved: Adding a Related Object's Field to the Main Page (
  [214/300] https://community.creatio.com/questions/mssql-connection-using-script-...
    ✓ Saved: MSSQL Connection using Script Task or User Task | 
  [215/300] https://community.creatio.com/questions/set-base-package-storing-modif...
    ✓ Saved: Set Base Package for storing modifications | Commu
  [216/300] https://community.creatio.com/questions/how-read-custom-attribute-or-o...
    ✓ Saved: How to Read Custom Attribute OR Other Field Value 
  [217/300] https://community.creatio.com/questions/filter-lead-listpage-detail...
    ✓ Saved: Filter Lead-ListPage Detail | Community Creatio
  [218/300] https://community.creatio.com/questions/field-visibility-property...
    ✓ Saved: Field Visibility Property | Community Creatio
  [219/300] https://community.creatio.com/questions/important-user-confirmation-de...
    ✓ Saved: IMPORTANT!! User Confirmation Before Deleting Item
  [220/300] https://community.creatio.com/questions/important-cookies-system...
    ✓ Saved: Important!!! Cookies in System | Community Creatio
  [221/300] https://community.creatio.com/ideas/please-improve-code-editor-815...
    ✓ Saved: Please improve the code editor in 8.1.5 | Communit
  [222/300] https://community.creatio.com/questions/es-version-warnings-freedom-ui...
    ✓ Saved: ES Version Warnings in Freedom UI Page Code | Comm
  [223/300] https://community.creatio.com/questions/how-create-replacing-schema-fr...
    ✓ Saved: How to create replacing schema for Freedom UI Base
  [224/300] https://community.creatio.com/questions/new-code-editor-813-default-ta...
    ✓ Saved: New code editor in 8.1.3 - default tabs to actual 
  [225/300] https://community.creatio.com/questions/installing-beta-apps-8010...
    ✓ Saved: Installing beta apps in 8.0.10 | Community Creatio
  [226/300] https://community.creatio.com/questions/anyone-happen-know-shorter-url...
    ✓ Saved: Anyone happen to know of shorter url to open app h
  [227/300] https://community.creatio.com/questions/release-notes-8010...
    ✓ Saved: Release notes for 8.0.10? | Community Creatio
  [228/300] https://community.creatio.com/ideas/provide-ability-set-web-service-ba...
    ✓ Saved: Provide the ability to set Web Service Base Addres
  [229/300] https://community.creatio.com/questions/how-add-css-class-crtmenu...
    ✓ Saved: How to add CSS class to crt.Menu | Community Creat
  [230/300] https://community.creatio.com/questions/how-disable-creating-new-case-...
    ✓ Saved: How to disable creating new case on receiving an e
  [231/300] https://customerfx.com/articles/creatio...
    ✓ Saved: Creatio | Customer FX
  [232/300] https://community.creatio.com/questions/possible-suppress-message-upon...
    ✓ Saved: Possible to suppress this message upon canceling a
  [233/300] https://community.creatio.com/ideas/requested-improvements-developer-e...
    ✓ Saved: Requested Improvements for developer experience wi
  [234/300] https://community.creatio.com/ideas/update-js-classes-reference-academ...
    ✓ Saved: Update the JS classes reference in Academy for v8+
  [235/300] https://community.creatio.com/questions/removal-restsharp-811...
    ✓ Saved: Removal of RestSharp in 8.1.1 | Community Creatio
  [236/300] https://community.creatio.com/questions/copying-data-file-attachments-...
    ✓ Saved: Copying data for file attachments results in zero 
  [237/300] https://community.creatio.com/questions/how-translate-titles-metrics-p...
    ✓ Saved: How to translate the titles of metrics on pages (c
  [238/300] https://community.creatio.com/questions/issues-adding-rowtoolbaritems-...
    ✓ Saved: Issues with adding to rowToolbarItems for a list/g
  [239/300] https://community.creatio.com/flag/flag/following/177809/default?desti...
    ✓ Saved: Ryan Farley - Profile | Community Creatio
  [240/300] https://community.creatio.com/ideas/bring-back-academy-doc-updates-aca...
    ✓ Saved: Bring back academy doc updates on academy homepage
  [241/300] https://community.creatio.com/ideas/feedback-maintainers-academy-docum...
    ✓ Saved: Feedback for the maintainers of academy documentat
  [242/300] https://community.creatio.com/questions/reference-campaign-add-data-ca...
    ✓ Saved: Reference Campaign in Add Data campaign element | 
  [243/300] https://community.creatio.com/tags/business-process...
    ✓ Saved: Feed | Community Creatio
  [244/300] https://community.creatio.com/tags/anonymous...
    ✓ Saved: Feed | Community Creatio
  [245/300] https://community.creatio.com/tags/c...
    ✓ Saved: Feed | Community Creatio
  [246/300] https://community.creatio.com/tags/backend...
    ✓ Saved: Feed | Community Creatio
  [247/300] https://community.creatio.com/flag/flag/bookmark/41830/full?destinatio...
    ✓ Saved: Important!!! Business Process From Custom Web-Serv
  [248/300] https://community.creatio.com/flag/unflag/bookmark/41835/full?destinat...
    ✓ Saved: Configuration of Custom Charts in Printable Report
  [249/300] https://community.creatio.com/questions/using-datetime-parameter-busin...
    ✓ Saved: Using datetime parameter in business process | Com
  [250/300] https://community.creatio.com/questions/changing-color-label-page...
    ✓ Saved: Changing color of a label in a page | Community Cr
  [251/300] https://community.creatio.com/flag/flag/following/65142/default?destin...
    ✓ Saved: Rommel Bocker - Profile | Community Creatio
  [252/300] https://community.creatio.com/questions/save-printable-business-proces...
    ✓ Saved: Save Printable business process element doesn't cr
  [253/300] https://community.creatio.com/flag/flag/bookmark/41831/full?destinatio...
    ✓ Saved: Validation in Creatio | Community Creatio
  [254/300] https://community.creatio.com/comment/reply/node/41831/comment/93340...
    ✓ Saved: Add new comment | Community Creatio
  [255/300] https://community.creatio.com/flag/flag/bookmark/41193/full?destinatio...
    ✓ Saved: How can we restrict duplicate contacts in Creatio?
  [256/300] https://community.creatio.com/user/181037...
    ✓ Saved: Alona Dolya - Profile | Community Creatio
  [257/300] https://community.creatio.com/comment/reply/node/41193/comment/91828...
    ✓ Saved: Add new comment | Community Creatio
  [258/300] https://community.creatio.com/comment/reply/node/41193/comment/91882...
    ✓ Saved: Add new comment | Community Creatio
  [259/300] https://community.creatio.com/comment/reply/node/41193/comment/91824...
    ✓ Saved: Add new comment | Community Creatio
  [260/300] https://community.creatio.com/user/209458...
    ✓ Saved: Daria Mudragel - Profile | Community Creatio
  [261/300] https://community.creatio.com/flag/flag/bookmark/41190/full?destinatio...
    ✓ Saved: How can we export Dashboards or Homepages as repor
  [262/300] https://community.creatio.com/comment/reply/node/41190/comment/91873...
    ✓ Saved: Add new comment | Community Creatio
  [263/300] https://community.creatio.com/flag/flag/bookmark/41192/full?destinatio...
    ✓ Saved: How can we use a multiselect field in business rul
  [264/300] https://community.creatio.com/comment/reply/node/41192/comment/91865...
    ✓ Saved: Add new comment | Community Creatio
  [265/300] https://community.creatio.com/tags/with...
    ✓ Saved: Feed | Community Creatio
  [266/300] https://community.creatio.com/tags/conversation...
    ✓ Saved: Feed | Community Creatio
  [267/300] https://community.creatio.com/comment/reply/node/41602/comment/92770...
    ✓ Saved: Add new comment | Community Creatio
  [268/300] https://community.creatio.com/user/212803...
    ✓ Saved: Feed | Community Creatio
  [269/300] https://community.creatio.com/flag/flag/bookmark/41602/full?destinatio...
    ✓ Saved: How to include conversation details in the Case re
  [270/300] https://community.creatio.com/comment/reply/node/41602/comment/92769...
    ✓ Saved: Add new comment | Community Creatio
  [271/300] https://community.creatio.com/user/207212...
    ✓ Saved: Ivan Savenko - Profile | Community Creatio
  [272/300] https://community.creatio.com/tags/history...
    ✓ Saved: Feed | Community Creatio
  [273/300] https://community.creatio.com/tags/report...
    ✓ Saved: Feed | Community Creatio
  [274/300] https://community.creatio.com/comment/reply/node/41602/comment/92766...
    ✓ Saved: Add new comment | Community Creatio
  [275/300] https://community.creatio.com/tags/generating...
    ✓ Saved: Feed | Community Creatio
  [276/300] https://community.creatio.com/comment/reply/node/41111/comment/91721...
    ✓ Saved: Add new comment | Community Creatio
  [277/300] https://community.creatio.com/user/181055...
    ✓ Saved: Kalymbet Anastasia - Profile | Community Creatio
  [278/300] https://community.creatio.com/flag/flag/bookmark/41111/full?destinatio...
    ✓ Saved: Outgoing Emails Not Visible Under Conversation Tab
  [279/300] https://community.creatio.com/flag/unflag/bookmark/40824/full?destinat...
    ✓ Saved: Important! Move Package Between Environments | Com
  [280/300] https://community.creatio.com/tags/campaigns...
    ✓ Saved: Feed | Community Creatio
  [281/300] https://community.creatio.com/flag/flag/bookmark/39882/full?destinatio...
    ✓ Saved: A/B Split Testing in Campaigns | Community Creatio
  [282/300] https://community.creatio.com/comment/reply/node/39882/comment/89204...
    ✓ Saved: Add new comment | Community Creatio
  [283/300] https://community.creatio.com/user/184036...
    ✓ Saved: Feed | Community Creatio
  [284/300] https://community.creatio.com/tags/splittestautomation...
    ✓ Saved: Feed | Community Creatio
  [285/300] https://community.creatio.com/tags/absplittesting...
    ✓ Saved: Feed | Community Creatio
  [286/300] https://community.creatio.com/tags/splittesting...
    ✓ Saved: Feed | Community Creatio
  [287/300] https://community.creatio.com/tags/absplittestcampaign...
    ✓ Saved: Feed | Community Creatio
  [288/300] https://community.creatio.com/tags/marketingcreatio-2...
    ✓ Saved: Feed | Community Creatio
  [289/300] https://community.creatio.com/flag/flag/bookmark/30925/full?destinatio...
    ✓ Saved: How to determine free disk space | Community Creat
  [290/300] https://community.creatio.com/user/178952...
    ✓ Saved: Feed | Community Creatio
  [291/300] https://community.creatio.com/comment/reply/node/30925/comment/78703...
    ✓ Saved: Add new comment | Community Creatio
  [292/300] https://community.creatio.com/tags/717-0...
    ✓ Saved: Feed | Community Creatio
  [293/300] https://community.creatio.com/flag/unflag/following/179526/default?des...
    ✓ Saved: Teresa Keil - Profile | Community Creatio
  [294/300] https://community.creatio.com/tags/mobile-application...
    ✓ Saved: Feed | Community Creatio
  [295/300] https://community.creatio.com/user/186587...
    ✓ Saved: Anton Starikov - Profile | Community Creatio
  [296/300] https://community.creatio.com/tags/mobile-app...
    ✓ Saved: Feed | Community Creatio
  [297/300] https://community.creatio.com/comment/reply/node/39848/comment/89088...
    ✓ Saved: Add new comment | Community Creatio
  [298/300] https://community.creatio.com/tags/mobile-0...
    ✓ Saved: Feed | Community Creatio
  [299/300] https://community.creatio.com/flag/flag/bookmark/39848/full?destinatio...
    ✓ Saved: Setting up mobile section list & section pages | C
  [300/300] https://community.creatio.com/tags/mobilecreatio-0...
    ✓ Saved: Feed | Community Creatio

  Completed community: 300 pages

============================================================
CRAWL COMPLETE
============================================================
Total pages: 358
Successful: 358
Failed: 0
Targets: elearning, training, certification, community
Markdown files: 358
