
============================================================
Crawling: service-enterprise
Start URL: https://old-academy.creatio.com/documents/service-enterprise/last/service-creatio-enterprise
============================================================
  Discovering URLs with Playwright from: https://old-academy.creatio.com/documents/service-enterprise/last/service-creatio-enterprise
    Found 40 URLs (depth 0)
    Found 40 URLs (depth 1)
    Found 91 URLs (depth 1)
    Found 113 URLs (depth 1)
    Found 148 URLs (depth 1)
    Found 161 URLs (depth 1)
    Found 174 URLs (depth 1)
    Found 183 URLs (depth 1)
    Found 191 URLs (depth 1)
    Found 211 URLs (depth 1)
    Found 230 URLs (depth 1)
    Found 270 URLs (depth 1)
    Found 272 URLs (depth 1)
    Found 279 URLs (depth 1)
    Found 294 URLs (depth 1)
    Found 309 URLs (depth 1)
    Found 319 URLs (depth 1)
    Found 332 URLs (depth 1)
    Found 344 URLs (depth 1)
    Found 357 URLs (depth 1)
    Found 369 URLs (depth 1)
    Found 384 URLs (depth 1)
    Found 390 URLs (depth 1)
    Found 399 URLs (depth 1)
    Found 413 URLs (depth 1)
    Found 419 URLs (depth 1)
    Found 419 URLs (depth 1)
    Found 425 URLs (depth 2)
    Found 435 URLs (depth 2)
    Found 436 URLs (depth 2)
    Found 437 URLs (depth 2)
    Found 437 URLs (depth 2)
    Found 443 URLs (depth 2)
    Found 449 URLs (depth 2)
    Found 459 URLs (depth 2)
    Found 459 URLs (depth 2)
    Found 459 URLs (depth 2)
    Found 459 URLs (depth 2)
    Found 469 URLs (depth 2)
    Found 483 URLs (depth 2)
    Found 485 URLs (depth 2)
    Found 493 URLs (depth 2)
    Found 497 URLs (depth 2)
    Found 503 URLs (depth 2)
  Total URLs discovered: 503
  [1/100] Scraping: https://old-academy.creatio.com/documents/administration/7-16/object-permissions...
    ✓ Saved: Untitled
  [2/100] Scraping: https://old-academy.creatio.com/documents/service-enterprise/7-16/change-page#HT...
    ✓ Saved: Untitled
  [3/100] Scraping: https://old-academy.creatio.com/documents/base/7-16/record-lists#XREF_28546...
    ✓ Saved: Untitled
  [4/100] Scraping: https://old-academy.creatio.com/documents/service-enterprise/7-16/predictive-cas...
    ✓ Saved: Untitled
  [5/100] Scraping: https://old-academy.creatio.com/documents/administration/7-16/integration-ms-exc...
    ✓ Saved: Untitled
  [6/100] Scraping: https://old-academy.creatio.com/documents/service-enterprise/7-16/problem-page#X...
    ✓ Saved: Untitled
  [7/100] Scraping: https://old-academy.creatio.com/documents/base/7-16/how-tag-record#XREF_33993...
    ✓ Saved: Untitled
  [8/100] Scraping: https://old-academy.creatio.com/documents/service-enterprise/7-16/release-page#X...
    ✓ Saved: Untitled
  [9/100] Scraping: https://old-academy.creatio.com/documents/service-enterprise/7-16/preliminary-se...
    ✓ Saved: Untitled
  [11/100] Scraping: https://old-academy.creatio.com/documents/base/7-16/tags-faq?document=service%20...
    ✓ Saved: Untitled
  [12/100] Scraping: https://old-academy.creatio.com/documents/service-enterprise/7-16/agent-desktop-...
    ✓ Saved: Untitled
  [14/100] Scraping: https://old-academy.creatio.com/documents/administration/7-16/set-ms-word-report...
    ✓ Saved: Untitled
  [16/100] Scraping: https://old-academy.creatio.com/documents/service-enterprise/7-16/service-page#X...
    ✓ Saved: Untitled
  [18/100] Scraping: https://old-academy.creatio.com/documents/administration/7-16/integrations?docum...
    ✓ Saved: Untitled
  [19/100] Scraping: https://old-academy.creatio.com/documents/administration/7-16/predictive-analysi...
    ✓ Saved: Untitled
  [20/100] Scraping: https://old-academy.creatio.com/documents/service-enterprise/7-16/contact-page#H...
    ✓ Saved: Untitled
  [21/100] Scraping: https://old-academy.creatio.com/documents/service-enterprise/7-16/activities-sec...
    ✓ Saved: Untitled
  [22/100] Scraping: https://old-academy.creatio.com/documents/base/7-16/record-pages#XREF_25305...
    ✓ Saved: Untitled
  [23/100] Scraping: https://old-academy.creatio.com/documents/service-enterprise/7-16/configuration-...
    ✓ Saved: Untitled
  [24/100] Scraping: https://old-academy.creatio.com/documents/administration/7-16/integration-email-...
    ✓ Saved: Untitled
  [25/100] Scraping: https://old-academy.creatio.com/documents/base/7-16/how-plan-activities-particip...
    ✓ Saved: Untitled
  [26/100] Scraping: https://old-academy.creatio.com/documents/base/7-16/business-process-tasks#XREF_...
    ✓ Saved: Untitled
  [27/100] Scraping: https://old-academy.creatio.com/documents/service-enterprise/7-16/releases-secti...
    ✓ Saved: Untitled
  [28/100] Scraping: https://old-academy.creatio.com/documents/base/7-16/quick-filter?document=servic...
    ✓ Saved: Untitled
  [29/100] Scraping: https://old-academy.creatio.com/documents/base/7-16/setting-advanced-filter-tagg...
    ✓ Saved: Untitled
  [30/100] Scraping: https://old-academy.creatio.com/documents/base/7-16/mini-pages#XREF_40293...
    ✓ Saved: Untitled
  [31/100] Scraping: https://old-academy.creatio.com/documents/service-enterprise/7-16/how-sort-queue...
    ✓ Saved: Untitled
  [32/100] Scraping: https://old-academy.creatio.com/documents/service-enterprise/7-16/task-page?docu...
    ✓ Saved: Untitled
  [33/100] Scraping: https://old-academy.creatio.com/documents/service-enterprise/7-16/agent-work-loa...
    ✓ Saved: Untitled
  [35/100] Scraping: https://old-academy.creatio.com/documents/service-enterprise/7-16/calendar?docum...
    ✓ Saved: Untitled
  [36/100] Scraping: https://old-academy.creatio.com/documents/base/7-16/command-line?document=servic...
    ✓ Saved: Untitled
  [37/100] Scraping: https://old-academy.creatio.com/documents/service-enterprise/7-16/analytics-rele...
    ✓ Saved: Untitled
  [38/100] Scraping: https://old-academy.creatio.com/documents/base/7-16/how-search-duplicates#XREF_2...
    ✓ Saved: Untitled
  [39/100] Scraping: https://old-academy.creatio.com/documents/service-enterprise/7-16/feed-section#X...
    ✓ Saved: Untitled
  [40/100] Scraping: https://old-academy.creatio.com/documents/base/7-16/filters#HT_chapter_filters...
    ✓ Saved: Untitled
  [41/100] Scraping: https://old-academy.creatio.com/documents/service-enterprise/7-16/service-model#...
    ✓ Saved: Untitled
  [42/100] Scraping: https://old-academy.creatio.com/documents/service-enterprise/7-16/analytics-serv...
    ✓ Saved: Untitled
  [43/100] Scraping: https://old-academy.creatio.com/documents/base/7-16/list-faq?document=service%20...
    ✓ Saved: Untitled
  [44/100] Scraping: https://old-academy.creatio.com/documents/service-enterprise/7-16/problems-secti...
    ✓ Saved: Untitled
  [45/100] Scraping: https://old-academy.creatio.com/documents/administration/7-16/users-and-permissi...
    ✓ Saved: Untitled
  [46/100] Scraping: https://old-academy.creatio.com/documents/service-enterprise/7-16/service-agreem...
    ✓ Saved: Untitled
  [48/100] Scraping: https://old-academy.creatio.com/documents/service-enterprise/7-16/configuration-...
    ✓ Saved: Untitled
  [49/100] Scraping: https://old-academy.creatio.com/documents/base/7-16/finding-and-merging-duplicat...
    ✓ Saved: Untitled
  [50/100] Scraping: https://old-academy.creatio.com/documents/service-enterprise/7-16/analytics-know...
    ✓ Saved: Untitled
  [52/100] Scraping: https://old-academy.creatio.com/documents/service-enterprise/7-16/customer-satis...
    ✓ Saved: Untitled
  [54/100] Scraping: https://old-academy.creatio.com/documents/base/7-16/attachments-and-notes#XREF_6...
    ✓ Saved: Untitled
  [55/100] Scraping: https://old-academy.creatio.com/documents/administration/7-16/software-licensing...
    ✓ Saved: Untitled
  [56/100] Scraping: https://old-academy.creatio.com/documents/service-enterprise/7-16/queues-section...
    ✓ Saved: Untitled
  [57/100] Scraping: https://old-academy.creatio.com/documents/service-enterprise/7-16/how-create-and...
    ✓ Saved: Untitled
  [58/100] Scraping: https://old-academy.creatio.com/documents/base/7-16/universal-import-excel-faq#X...
    ✓ Saved: Untitled
  [59/100] Scraping: https://old-academy.creatio.com/documents/base/7-16/how-import-customer-database...
    ✓ Saved: Untitled
  [60/100] Scraping: https://old-academy.creatio.com/documents/service-enterprise/7-16/how-set-regula...
    ✓ Saved: Untitled
  [62/100] Scraping: https://old-academy.creatio.com/documents/service-enterprise/7-16/how-notify-ass...
    ✓ Saved: Untitled
  [64/100] Scraping: https://old-academy.creatio.com/documents/service-enterprise/7-16/channels-view#...
    ✓ Saved: Untitled
  [65/100] Scraping: https://old-academy.creatio.com/documents/portal/7-16/customer-portal#XREF_78933...
    ✓ Saved: Untitled
  [66/100] Scraping: https://old-academy.creatio.com/documents/base/7-16/approvals-tab?document=servi...
    ✓ Saved: Untitled
  [67/100] Scraping: https://old-academy.creatio.com/documents/service-enterprise/7-16/how-calculate-...
    ✓ Saved: Untitled
  [68/100] Scraping: https://old-academy.creatio.com/documents/base/7-16/how-prepare-file?document=se...
    ✓ Saved: Untitled
  [69/100] Scraping: https://old-academy.creatio.com/documents/service-enterprise/7-16/finding-and-me...
    ✓ Saved: Untitled
  [70/100] Scraping: https://old-academy.creatio.com/documents/service-enterprise/7-16/introduction?d...
    ✓ Saved: Untitled
  [71/100] Scraping: https://old-academy.creatio.com/documents/service-enterprise/7-16/knowledge-base...
    ✓ Saved: Untitled
  [72/100] Scraping: https://old-academy.creatio.com/documents/service-enterprise/7-16/analytics-chan...
    ✓ Saved: Untitled
  [73/100] Scraping: https://old-academy.creatio.com/documents/administration/7-16/system-operation-p...
    ✓ Saved: Untitled
  [74/100] Scraping: https://old-academy.creatio.com/documents/service-enterprise/last/service-creati...
    ✓ Saved: Untitled
  [76/100] Scraping: https://old-academy.creatio.com/documents/service-enterprise/7-16/how-process-ca...
    ✓ Saved: Untitled
  [77/100] Scraping: https://old-academy.creatio.com/documents/service-enterprise/7-16/case-lookups#X...
    ✓ Saved: Untitled
  [78/100] Scraping: https://old-academy.creatio.com/documents/service-enterprise/7-16/case-page#XREF...
    ✓ Saved: Untitled
  [79/100] Scraping: https://old-academy.creatio.com/documents/base/7-16/how-remove-tag?document=serv...
    ✓ Saved: Untitled
  [80/100] Scraping: https://old-academy.creatio.com/documents/base/7-16/duplicate-search-setup?docum...
    ✓ Saved: Untitled
  [81/100] Scraping: https://old-academy.creatio.com/documents/service-enterprise/7-16/cases-section#...
    ✓ Saved: Untitled
  [83/100] Scraping: https://old-academy.creatio.com/documents/service-enterprise/7-16/account-page#X...
    ✓ Saved: Untitled
  [85/100] Scraping: https://old-academy.creatio.com/documents/administration/7-16/managing-column-pe...
    ✓ Saved: Untitled
  [86/100] Scraping: https://old-academy.creatio.com/documents/administration/7-16/audit-log-section?...
    ✓ Saved: Untitled
  [89/100] Scraping: https://old-academy.creatio.com/documents/base/7-16/user-profile#HT_chapter_user...
    ✓ Saved: Untitled
  [91/100] Scraping: https://old-academy.creatio.com/documents/administration/7-16/license-distributi...
    ✓ Saved: Untitled
  [96/100] Scraping: https://old-academy.creatio.com/documents/service-enterprise/7-16/how-connect-yo...
    ✓ Saved: Untitled
  [97/100] Scraping: https://old-academy.creatio.com/documents/service-enterprise/7-16/dashboards-sec...
    ✓ Saved: Untitled
  [98/100] Scraping: https://old-academy.creatio.com/documents/portal/7-16/self-service-portal?docume...
    ✓ Saved: Untitled
  [100/100] Scraping: https://old-academy.creatio.com/documents/administration/7-16/deploying-creatio-...
    ✓ Saved: Untitled

============================================================
CRAWL COMPLETE
============================================================
Total pages: 79
Successful: 79
Failed: 0
Sections: 1
Markdown files: 423
