
============================================================
Crawling: sales-enterprise
Start URL: https://old-academy.creatio.com/documents/sales-enterprise/last/sales-creatio-enterprise
============================================================
  Discovering URLs with Playwright from: https://old-academy.creatio.com/documents/sales-enterprise/last/sales-creatio-enterprise
    Found 43 URLs (depth 0)
    Found 43 URLs (depth 1)
    Found 93 URLs (depth 1)
    Found 113 URLs (depth 1)
    Found 148 URLs (depth 1)
    Found 161 URLs (depth 1)
    Found 174 URLs (depth 1)
    Found 183 URLs (depth 1)
    Found 191 URLs (depth 1)
    Found 213 URLs (depth 1)
    Found 233 URLs (depth 1)
    Found 263 URLs (depth 1)
    Found 278 URLs (depth 1)
    Found 300 URLs (depth 1)
    Found 329 URLs (depth 1)
    Found 350 URLs (depth 1)
    Found 368 URLs (depth 1)
    Found 370 URLs (depth 1)
    Found 393 URLs (depth 1)
    Found 409 URLs (depth 1)
    Found 418 URLs (depth 1)
    Found 425 URLs (depth 1)
    Found 432 URLs (depth 1)
    Found 438 URLs (depth 1)
    Found 445 URLs (depth 1)
    Found 462 URLs (depth 1)
    Found 468 URLs (depth 2)
    Found 478 URLs (depth 2)
    Found 479 URLs (depth 2)
    Found 480 URLs (depth 2)
    Found 480 URLs (depth 2)
    Found 486 URLs (depth 2)
    Found 492 URLs (depth 2)
    Found 502 URLs (depth 2)
  Total URLs discovered: 502
  [1/100] Scraping: https://old-academy.creatio.com/documents/sales-enterprise/7-16/lead-distributio...
    ✓ Saved: Untitled
  [2/100] Scraping: https://old-academy.creatio.com/documents/sales-enterprise/7-16/project-page?doc...
    ✓ Saved: Untitled
  [3/100] Scraping: https://old-academy.creatio.com/documents/sales-enterprise/7-16/how-connect-your...
    ✓ Saved: Untitled
  [4/100] Scraping: https://old-academy.creatio.com/documents/sales-enterprise/7-16/project-task-pag...
    ✓ Saved: Untitled
  [5/100] Scraping: https://old-academy.creatio.com/documents/sales-enterprise/7-16/how-specify-cust...
    ✓ Saved: Untitled
  [7/100] Scraping: https://old-academy.creatio.com/documents/sales-enterprise/7-16/invoice-page#XRE...
    ✓ Saved: Untitled
  [8/100] Scraping: https://old-academy.creatio.com/documents/sales-enterprise/7-16/document-page#XR...
    ✓ Saved: Untitled
  [9/100] Scraping: https://old-academy.creatio.com/documents/sales-enterprise/7-16/analytics-contac...
    ✓ Saved: Untitled
  [10/100] Scraping: https://old-academy.creatio.com/documents/base/7-16/time-zones#XREF_45814...
    ✓ Saved: Untitled
  [11/100] Scraping: https://old-academy.creatio.com/documents/sales-enterprise/7-16/how-start-corpor...
    ✓ Saved: Untitled
  [12/100] Scraping: https://old-academy.creatio.com/documents/sales-enterprise/7-16/how-work-install...
    ✓ Saved: Untitled
  [13/100] Scraping: https://old-academy.creatio.com/documents/sales-enterprise/7-16/how-merge-severa...
    ✓ Saved: Untitled
  [14/100] Scraping: https://old-academy.creatio.com/documents/sales-enterprise/7-16/feed-view#HT_sec...
    ✓ Saved: Untitled
  [15/100] Scraping: https://old-academy.creatio.com/documents/base/7-16/how-plan-activities-particip...
    ✓ Saved: Untitled
  [16/100] Scraping: https://old-academy.creatio.com/documents/administration/7-16/managing-users#HT_...
    ✓ Saved: Untitled
  [18/100] Scraping: https://old-academy.creatio.com/documents/administration/7-16/color-customizatio...
    ✓ Saved: Untitled
  [19/100] Scraping: https://old-academy.creatio.com/documents/sales-enterprise/7-16/contract-page#HT...
    ✓ Saved: Untitled
  [20/100] Scraping: https://old-academy.creatio.com/documents/sales-enterprise/7-16/lead-page#XREF_6...
    ✓ Saved: Untitled
  [21/100] Scraping: https://old-academy.creatio.com/documents/base/7-16/quick-filter#XREF_84514...
    ✓ Saved: Untitled
  [22/100] Scraping: https://old-academy.creatio.com/documents/administration/7-16/client-side-system...
    ✓ Saved: Untitled
  [23/100] Scraping: https://old-academy.creatio.com/documents/administration/7-16/deploying-creatio-...
    ✓ Saved: Untitled
  [24/100] Scraping: https://old-academy.creatio.com/documents/sales-enterprise/7-16/actions-invoices...
    ✓ Saved: Untitled
  [25/100] Scraping: https://old-academy.creatio.com/documents/sales-enterprise/7-16/knowledge-base-s...
    ✓ Saved: Untitled
  [26/100] Scraping: https://old-academy.creatio.com/documents/sales-enterprise/7-16/set-forecast?doc...
    ✓ Saved: Untitled
  [27/100] Scraping: https://old-academy.creatio.com/documents/administration/7-16/synchronizing-user...
    ✓ Saved: Untitled
  [28/100] Scraping: https://old-academy.creatio.com/documents/sales-enterprise/7-16/product-page?doc...
    ✓ Saved: Untitled
  [29/100] Scraping: https://old-academy.creatio.com/documents/administration/7-16/integration-google...
    ✓ Saved: Untitled
  [30/100] Scraping: https://old-academy.creatio.com/documents/sales-enterprise/7-16/opportunity-page...
    ✓ Saved: Untitled
  [31/100] Scraping: https://old-academy.creatio.com/documents/sales-enterprise/7-16/finding-and-merg...
    ✓ Saved: Untitled
  [32/100] Scraping: https://old-academy.creatio.com/documents/sales-enterprise/7-16/contact-page#HT_...
    ✓ Saved: Untitled
  [33/100] Scraping: https://old-academy.creatio.com/documents/sales-enterprise/7-16/percentage-profi...
    ✓ Saved: Untitled
  [34/100] Scraping: https://old-academy.creatio.com/documents/base/7-16/how-remove-tag#XREF_94510...
    ✓ Saved: Untitled
  [35/100] Scraping: https://old-academy.creatio.com/documents/base/7-16/email-templates?document=ent...
    ✓ Saved: Untitled
  [38/100] Scraping: https://old-academy.creatio.com/documents/sales-enterprise/7-16/actions-contract...
    ✓ Saved: Untitled
  [41/100] Scraping: https://old-academy.creatio.com/documents/sales-enterprise/7-16/opportunitystage...
    ✓ Saved: Untitled
  [42/100] Scraping: https://old-academy.creatio.com/documents/sales-enterprise/7-16/employees-sectio...
    ✓ Saved: Untitled
  [43/100] Scraping: https://old-academy.creatio.com/documents/sales-enterprise/7-16/knowledge-base-a...
    ✓ Saved: Untitled
  [44/100] Scraping: https://old-academy.creatio.com/documents/sales-enterprise/7-16/product-selectio...
    ✓ Saved: Untitled
  [45/100] Scraping: https://old-academy.creatio.com/documents/sales-enterprise/7-16/channels-view#HT...
    ✓ Saved: Untitled
  [46/100] Scraping: https://old-academy.creatio.com/documents/sales-enterprise/7-16/feed-section#XRE...
    ✓ Saved: Untitled
  [47/100] Scraping: https://old-academy.creatio.com/documents/sales-enterprise/7-16/order-page#XREF_...
    ✓ Saved: Untitled
  [49/100] Scraping: https://old-academy.creatio.com/documents/base/7-16/approvals-tab#HT_chapter_vis...
    ✓ Saved: Untitled
  [50/100] Scraping: https://old-academy.creatio.com/documents/sales-enterprise/7-16/presentation-sta...
    ✓ Saved: Untitled
  [51/100] Scraping: https://old-academy.creatio.com/documents/base/7-16/communication-panel#XREF_484...
    ✓ Saved: Untitled
  [52/100] Scraping: https://old-academy.creatio.com/documents/sales-enterprise/7-16/invoices-section...
    ✓ Saved: Untitled
  [53/100] Scraping: https://old-academy.creatio.com/documents/sales-enterprise/7-16/dashboards-leads...
    ✓ Saved: Untitled
  [54/100] Scraping: https://old-academy.creatio.com/documents/administration/7-16/audit-log-section?...
    ✓ Saved: Untitled
  [56/100] Scraping: https://old-academy.creatio.com/documents/base/7-16/business-process-tasks#XREF_...
    ✓ Saved: Untitled
  [58/100] Scraping: https://old-academy.creatio.com/documents/base/7-16/attachments-and-notes#XREF_6...
    ✓ Saved: Untitled
  [59/100] Scraping: https://old-academy.creatio.com/documents/base/7-16/notification-center#XREF_900...
    ✓ Saved: Untitled
  [60/100] Scraping: https://old-academy.creatio.com/documents/administration/7-16/site-deployment?do...
    ✓ Saved: Untitled
  [61/100] Scraping: https://old-academy.creatio.com/documents/base/7-16/setting-advanced-filter-tagg...
    ✓ Saved: Untitled
  [62/100] Scraping: https://old-academy.creatio.com/documents/sales-enterprise/7-16/awaiting-sale#XR...
    ✓ Saved: Untitled
  [63/100] Scraping: https://old-academy.creatio.com/documents/base/7-16/record-lists#XREF_28546...
    ✓ Saved: Untitled
  [64/100] Scraping: https://old-academy.creatio.com/documents/base/7-16/setting-summaries-columns#XR...
    ✓ Saved: Untitled
  [65/100] Scraping: https://old-academy.creatio.com/documents/base/7-16/data-enrichment#XREF_73986...
    ✓ Saved: Untitled
  [66/100] Scraping: https://old-academy.creatio.com/documents/base/7-16/working-emails#HT_chapter_em...
    ✓ Saved: Untitled
  [67/100] Scraping: https://old-academy.creatio.com/documents/sales-enterprise/7-16/how-lead-predict...
    ✓ Saved: Untitled
  [68/100] Scraping: https://old-academy.creatio.com/documents/sales-enterprise/7-16/introduction?doc...
    ✓ Saved: Untitled
  [69/100] Scraping: https://old-academy.creatio.com/documents/base/7-16/advanced-filter#XREF_20034...
    ✓ Saved: Untitled
  [70/100] Scraping: https://old-academy.creatio.com/documents/administration/7-16/phone-integration?...
    ✓ Saved: Untitled
  [71/100] Scraping: https://old-academy.creatio.com/documents/sales-enterprise/7-16/analytics-activi...
    ✓ Saved: Untitled
  [73/100] Scraping: https://old-academy.creatio.com/documents/base/7-16/sorting-records-list#XREF_45...
    ✓ Saved: Untitled
  [74/100] Scraping: https://old-academy.creatio.com/documents/sales-enterprise/7-16/analytics-accoun...
    ✓ Saved: Untitled
  [75/100] Scraping: https://old-academy.creatio.com/documents/sales-enterprise/7-16/opportunities-se...
    ✓ Saved: Untitled
  [76/100] Scraping: https://old-academy.creatio.com/documents/base/7-16/timeline#XREF_99205...
    ✓ Saved: Untitled
  [77/100] Scraping: https://old-academy.creatio.com/documents/sales-enterprise/7-16/analytics-produc...
    ✓ Saved: Untitled
  [79/100] Scraping: https://old-academy.creatio.com/documents/base/7-16/setting-columns#XREF_16831...
    ✓ Saved: Untitled
  [80/100] Scraping: https://old-academy.creatio.com/documents/sales-enterprise/7-16/lead-management-...
    ✓ Saved: Untitled
  [83/100] Scraping: https://old-academy.creatio.com/documents/sales-enterprise/7-16/invoice-product-...
    ✓ Saved: Untitled
  [84/100] Scraping: https://old-academy.creatio.com/documents/base/7-16/how-delete-records#XREF_5034...
    ✓ Saved: Untitled
  [85/100] Scraping: https://old-academy.creatio.com/documents/base/7-16/exporting-list-data-excel?do...
    ✓ Saved: Untitled
  [86/100] Scraping: https://old-academy.creatio.com/documents/sales-enterprise/7-16/task-page#XREF_1...
    ✓ Saved: Untitled
  [89/100] Scraping: https://old-academy.creatio.com/documents/administration/7-16/integration-email-...
    ✓ Saved: Untitled
  [90/100] Scraping: https://old-academy.creatio.com/documents/sales-enterprise/7-16/contracts-sectio...
    ✓ Saved: Untitled
  [92/100] Scraping: https://old-academy.creatio.com/documents/sales-enterprise/7-16/how-set-landing-...
    ✓ Saved: Untitled
  [93/100] Scraping: https://old-academy.creatio.com/documents/sales-enterprise/7-16/add-order-based-...
    ✓ Saved: Untitled
  [94/100] Scraping: https://old-academy.creatio.com/documents/sales-enterprise/7-16/finding-and-merg...
    ✓ Saved: Untitled
  [96/100] Scraping: https://old-academy.creatio.com/documents/base/7-16/folders?document=enterprise...
    ✓ Saved: Untitled
  [97/100] Scraping: https://old-academy.creatio.com/documents/base/7-16/sharing-records?document=ent...
    ✓ Saved: Untitled
  [98/100] Scraping: https://old-academy.creatio.com/documents/administration/7-16/calling-web-servic...
    ✓ Saved: Untitled
  [100/100] Scraping: https://old-academy.creatio.com/documents/administration/7-16/object-permissions...
    ✓ Saved: Untitled

============================================================
CRAWL COMPLETE
============================================================
Total pages: 82
Successful: 82
Failed: 0
Sections: 1
Markdown files: 408
