
============================================================
Crawling: studio
Start URL: https://old-academy.creatio.com/documents/studio/last/studio-creatio
============================================================
  Discovering URLs with Playwright from: https://old-academy.creatio.com/documents/studio/last/studio-creatio
    Found 25 URLs (depth 0)
    Found 25 URLs (depth 1)
    Found 75 URLs (depth 1)
    Found 75 URLs (depth 1)
    Found 75 URLs (depth 1)
    Found 87 URLs (depth 1)
    Found 120 URLs (depth 1)
    Found 133 URLs (depth 1)
    Found 145 URLs (depth 1)
    Found 154 URLs (depth 1)
    Found 162 URLs (depth 1)
    Found 177 URLs (depth 1)
    Found 192 URLs (depth 1)
    Found 202 URLs (depth 1)
    Found 224 URLs (depth 1)
    Found 224 URLs (depth 1)
    Found 224 URLs (depth 1)
    Found 238 URLs (depth 1)
    Found 238 URLs (depth 1)
    Found 238 URLs (depth 1)
    Found 246 URLs (depth 1)
    Found 246 URLs (depth 1)
    Found 246 URLs (depth 1)
    Found 252 URLs (depth 2)
    Found 261 URLs (depth 2)
    Found 263 URLs (depth 2)
    Found 264 URLs (depth 2)
    Found 264 URLs (depth 2)
    Found 270 URLs (depth 2)
    Found 276 URLs (depth 2)
    Found 286 URLs (depth 2)
    Found 286 URLs (depth 2)
    Found 286 URLs (depth 2)
    Found 286 URLs (depth 2)
    Found 292 URLs (depth 2)
    Found 294 URLs (depth 2)
    Found 302 URLs (depth 2)
    Found 306 URLs (depth 2)
    Found 312 URLs (depth 2)
    Found 312 URLs (depth 2)
    Found 322 URLs (depth 2)
    Found 322 URLs (depth 2)
    Found 348 URLs (depth 2)
    Found 354 URLs (depth 2)
    Found 362 URLs (depth 2)
    Found 382 URLs (depth 2)
    Found 386 URLs (depth 2)
    Found 399 URLs (depth 2)
    Found 419 URLs (depth 2)
    Found 436 URLs (depth 2)
    Found 446 URLs (depth 2)
    Found 460 URLs (depth 2)
    Found 466 URLs (depth 2)
    Found 466 URLs (depth 2)
    Found 477 URLs (depth 2)
    Found 495 URLs (depth 2)
    Found 503 URLs (depth 2)
  Total URLs discovered: 503
  [1/100] Scraping: https://old-academy.creatio.com/documents/administration/7-16/add-new-section#HT...
    ✓ Saved: Untitled
  [2/100] Scraping: https://old-academy.creatio.com/documents/administration/7-16/users-and-roles-ma...
    ✓ Saved: Untitled
  [3/100] Scraping: https://old-academy.creatio.com/documents/administration/7-16/add-mini-pages?doc...
    ✓ Saved: Untitled
  [4/100] Scraping: https://old-academy.creatio.com/documents/base/7-16/how-import-translations-exce...
    ✓ Saved: Untitled
  [5/100] Scraping: https://old-academy.creatio.com/documents/base/7-16/attachments-and-notes#XREF_6...
    ✓ Saved: Untitled
  [6/100] Scraping: https://old-academy.creatio.com/documents/administration/7-16/creatio-phone-inte...
    ✓ Saved: Untitled
  [7/100] Scraping: https://old-academy.creatio.com/documents/administration/7-16/add-new-ms-word-re...
    ✓ Saved: Untitled
  [8/100] Scraping: https://old-academy.creatio.com/documents/administration/7-16/license-distributi...
    ✓ Saved: Untitled
  [9/100] Scraping: https://old-academy.creatio.com/documents/studio/7-16/contact-page#XREF_13874...
    ✓ Saved: Untitled
  [10/100] Scraping: https://old-academy.creatio.com/documents/mobile/7-16/how-set-workplaces-mobile-...
    ✓ Saved: Untitled
  [11/100] Scraping: https://old-academy.creatio.com/documents/mobile/7-16/how-set-workplace-list?doc...
    ✓ Saved: Untitled
  [12/100] Scraping: https://old-academy.creatio.com/documents/base/7-16/localizing-email-templates#X...
    ✓ Saved: Untitled
  [13/100] Scraping: https://old-academy.creatio.com/documents/administration/7-16/installed-applicat...
    ✓ Saved: Untitled
  [14/100] Scraping: https://old-academy.creatio.com/documents/mobile/7-16/how-set-lists-mobile-appli...
    ✓ Saved: Untitled
  [15/100] Scraping: https://old-academy.creatio.com/documents/administration/7-16/setting-section-pa...
    ✓ Saved: Untitled
  [16/100] Scraping: https://old-academy.creatio.com/documents/administration/7-16/how-integrate-aste...
    ✓ Saved: Untitled
  [17/100] Scraping: https://old-academy.creatio.com/documents/studio/7-16/introduction?document=stud...
    ✓ Saved: Untitled
  [18/100] Scraping: https://old-academy.creatio.com/documents/base/7-16/add-new-languages?document=s...
    ✓ Saved: Untitled
  [19/100] Scraping: https://old-academy.creatio.com/documents/studio/7-16/actions-contacts-section?d...
    ✓ Saved: Untitled
  [20/100] Scraping: https://old-academy.creatio.com/documents/base/7-16/business-process-launch#XREF...
    ✓ Saved: Untitled
  [21/100] Scraping: https://old-academy.creatio.com/documents/mobile/7-16/setting-mobile-app-section...
    ✓ Saved: Untitled
  [22/100] Scraping: https://old-academy.creatio.com/documents/base/7-16/quick-filter#XREF_84514...
    ✓ Saved: Untitled
  [23/100] Scraping: https://old-academy.creatio.com/documents/studio/7-16/account-page#XREF_36605...
    ✓ Saved: Untitled
  [24/100] Scraping: https://old-academy.creatio.com/documents/studio/7-16/task-page#XREF_83985...
    ✓ Saved: Untitled
  [25/100] Scraping: https://old-academy.creatio.com/documents/administration/7-16/deploying-creatio-...
    ✓ Saved: Untitled
  [26/100] Scraping: https://old-academy.creatio.com/documents/base/7-16/creating-records?document=st...
    ✓ Saved: Untitled
  [27/100] Scraping: https://old-academy.creatio.com/documents/base/7-16/setting-summaries-columns?do...
    ✓ Saved: Untitled
  [28/100] Scraping: https://old-academy.creatio.com/documents/administration/7-16/object-permissions...
    ✓ Saved: Untitled
  [29/100] Scraping: https://old-academy.creatio.com/documents/administration/7-16/section-wizard-faq...
    ✓ Saved: Untitled
  [30/100] Scraping: https://old-academy.creatio.com/documents/administration/7-16/configure-predicti...
    ✓ Saved: Untitled
  [31/100] Scraping: https://old-academy.creatio.com/documents/base/7-16/incoming-call#XREF_47392...
    ✓ Saved: Untitled
  [32/100] Scraping: https://old-academy.creatio.com/documents/base/7-16/calls-history#XREF_52374...
    ✓ Saved: Untitled
  [33/100] Scraping: https://old-academy.creatio.com/documents/base/7-16/how-delete-records#XREF_5034...
    ✓ Saved: Untitled
  [34/100] Scraping: https://old-academy.creatio.com/documents/administration/7-16/change-log-section...
    ✓ Saved: Untitled
  [36/100] Scraping: https://old-academy.creatio.com/documents/base/7-16/putting-calls-hold?document=...
    ✓ Saved: Untitled
  [37/100] Scraping: https://old-academy.creatio.com/documents/base/7-16/dashboard-tabs#XREF_81316...
    ✓ Saved: Untitled
  [38/100] Scraping: https://old-academy.creatio.com/documents/mobile/7-16/mobile-application-wizard...
    ✓ Saved: Untitled
  [40/100] Scraping: https://old-academy.creatio.com/documents/administration/7-16/recommendation-pre...
    ✓ Saved: Untitled
  [41/100] Scraping: https://old-academy.creatio.com/documents/base/7-16/universal-import-excel-faq#X...
    ✓ Saved: Untitled
  [42/100] Scraping: https://old-academy.creatio.com/documents/base/7-16/creatio-interface?document=s...
    ✓ Saved: Untitled
  [43/100] Scraping: https://old-academy.creatio.com/documents/administration/7-16/user-authenticatio...
    ✓ Saved: Untitled
  [44/100] Scraping: https://old-academy.creatio.com/documents/administration/7-16/testing-web-servic...
    ✓ Saved: Untitled
  [45/100] Scraping: https://old-academy.creatio.com/documents/base/7-16/standard-filter?document=stu...
    ✓ Saved: Untitled
  [46/100] Scraping: https://old-academy.creatio.com/documents/administration/7-16/calling-web-servic...
    ✓ Saved: Untitled
  [47/100] Scraping: https://old-academy.creatio.com/documents/studio/7-16/channels-view#XREF_11506...
    ✓ Saved: Untitled
  [48/100] Scraping: https://old-academy.creatio.com/documents/studio/7-16/getting-started-employees-...
    ✓ Saved: Untitled
  [49/100] Scraping: https://old-academy.creatio.com/documents/base/7-16/finding-and-merging-duplicat...
    ✓ Saved: Untitled
  [50/100] Scraping: https://old-academy.creatio.com/documents/mobile/7-16/mobile-application-interfa...
    ✓ Saved: Untitled
  [51/100] Scraping: https://old-academy.creatio.com/documents/base/7-16/how-search-duplicates#XREF_2...
    ✓ Saved: Untitled
  [52/100] Scraping: https://old-academy.creatio.com/documents/base/7-16/folders?document=studio...
    ✓ Saved: Untitled
  [53/100] Scraping: https://old-academy.creatio.com/documents/base/7-16/excel-data-import#XREF_88648...
    ✓ Saved: Untitled
  [54/100] Scraping: https://old-academy.creatio.com/documents/base/7-16/how-plan-activities-particip...
    ✓ Saved: Untitled
  [55/100] Scraping: https://old-academy.creatio.com/documents/base/7-16/how-bind-emails-creatio-reco...
    ✓ Saved: Untitled
  [56/100] Scraping: https://old-academy.creatio.com/documents/studio/7-16/employee-page#XREF_24472...
    ✓ Saved: Untitled
  [57/100] Scraping: https://old-academy.creatio.com/documents/mobile/last...
    ✓ Saved: Untitled
  [58/100] Scraping: https://old-academy.creatio.com/documents/base/7-16/bpmonline-core-functions?doc...
    ✓ Saved: Untitled
  [59/100] Scraping: https://old-academy.creatio.com/documents/administration/7-16/single-sign-creati...
    ✓ Saved: Untitled
  [61/100] Scraping: https://old-academy.creatio.com/documents/base/7-16/advanced-filter?document=stu...
    ✓ Saved: Untitled
  [62/100] Scraping: https://old-academy.creatio.com/documents/base/7-16/data-enrichment?document=stu...
    ✓ Saved: Untitled
  [63/100] Scraping: https://old-academy.creatio.com/documents/base/7-16/timeline#XREF_99205...
    ✓ Saved: Untitled
  [64/100] Scraping: https://old-academy.creatio.com/documents/base/7-16/conversation-mode#XREF_18132...
    ✓ Saved: Untitled
  [65/100] Scraping: https://old-academy.creatio.com/documents/administration/7-16/types-licenses-cre...
    ✓ Saved: Untitled
  [66/100] Scraping: https://old-academy.creatio.com/documents/base/7-16/notification-center#XREF_900...
    ✓ Saved: Untitled
  [67/100] Scraping: https://old-academy.creatio.com/documents/base/7-16/how-fields-are-populated-dow...
    ✓ Saved: Untitled
  [68/100] Scraping: https://old-academy.creatio.com/documents/administration/7-16/installing-creatio...
    ✓ Saved: Untitled
  [69/100] Scraping: https://old-academy.creatio.com/documents/studio/7-16/feed-view#XREF_38670...
    ✓ Saved: Untitled
  [70/100] Scraping: https://old-academy.creatio.com/documents/administration/7-16/report-faq#XREF_36...
    ✓ Saved: Untitled
  [71/100] Scraping: https://old-academy.creatio.com/documents/base/7-16/how-change-creatio-language#...
    ✓ Saved: Untitled
  [72/100] Scraping: https://old-academy.creatio.com/documents/administration/7-16/lookup-value-predi...
    ✓ Saved: Untitled
  [73/100] Scraping: https://old-academy.creatio.com/documents/administration/7-16/system-settings-se...
    ✓ Saved: Untitled
  [75/100] Scraping: https://old-academy.creatio.com/documents/base/7-16/currencies-lookup?document=s...
    ✓ Saved: Untitled
  [77/100] Scraping: https://old-academy.creatio.com/documents/base/7-16/working-emails#HT_chapter_em...
    ✓ Saved: Untitled
  [78/100] Scraping: https://old-academy.creatio.com/documents/base/7-16/transferring-calls-another-n...
    ✓ Saved: Untitled
  [79/100] Scraping: https://old-academy.creatio.com/documents/base/7-16/setting-sending-localized-em...
    ✓ Saved: Untitled
  [80/100] Scraping: https://old-academy.creatio.com/documents/mobile/7-16/work-calendar...
    ✓ Saved: Untitled
  [81/100] Scraping: https://old-academy.creatio.com/documents/base/7-16/how-create-tag?document=stud...
    ✓ Saved: Untitled
  [82/100] Scraping: https://old-academy.creatio.com/documents/studio/7-16/how-view-history-holdingco...
    ✓ Saved: Untitled
  [83/100] Scraping: https://old-academy.creatio.com/documents/administration/7-16/managing-users#XRE...
    ✓ Saved: Untitled
  [84/100] Scraping: https://old-academy.creatio.com/documents/base/7-16/how-tag-record?document=stud...
    ✓ Saved: Untitled
  [86/100] Scraping: https://old-academy.creatio.com/documents/administration/7-16/predictive-scoring...
    ✓ Saved: Untitled
  [87/100] Scraping: https://old-academy.creatio.com/documents/base/7-16/sorting-records-list?documen...
    ✓ Saved: Untitled
  [89/100] Scraping: https://old-academy.creatio.com/documents/base/7-16/account-profile-enrichment#X...
    ✓ Saved: Untitled
  [90/100] Scraping: https://old-academy.creatio.com/documents/base/7-16/filters?document=studio...
    ✓ Saved: Untitled
  [92/100] Scraping: https://old-academy.creatio.com/documents/base/7-16/localization?document=studio...
    ✓ Saved: Untitled
  [93/100] Scraping: https://old-academy.creatio.com/documents/base/7-16/list-faq?document=studio...
    ✓ Saved: Untitled
  [96/100] Scraping: https://old-academy.creatio.com/documents/studio/7-16/core-sections?document=stu...
    ✓ Saved: Untitled
  [97/100] Scraping: https://old-academy.creatio.com/documents/administration/7-16/color-customizatio...
    ✓ Saved: Untitled
  [98/100] Scraping: https://old-academy.creatio.com/documents/base/7-16/communication-panel#XREF_484...
    ✓ Saved: Untitled
  [99/100] Scraping: https://old-academy.creatio.com/documents/administration/7-16/phone-integration#...
    ✓ Saved: Untitled
  [100/100] Scraping: https://old-academy.creatio.com/documents/administration/7-16/integration-google...
    ✓ Saved: Untitled

============================================================
CRAWL COMPLETE
============================================================
Total pages: 90
Successful: 90
Failed: 0
Sections: 1
Markdown files: 611
