
============================================================
Crawling: mobile
Start URL: https://old-academy.creatio.com/documents/mobile/last/mobile-creatio
============================================================
  Discovering URLs with Playwright from: https://old-academy.creatio.com/documents/mobile/last/mobile-creatio
    Found 20 URLs (depth 0)
    Found 20 URLs (depth 1)
    Found 31 URLs (depth 1)
    Found 43 URLs (depth 1)
    Found 43 URLs (depth 1)
    Found 45 URLs (depth 1)
    Found 45 URLs (depth 1)
    Found 52 URLs (depth 1)
    Found 53 URLs (depth 1)
    Found 53 URLs (depth 2)
    Found 54 URLs (depth 2)
    Found 54 URLs (depth 2)
    Found 55 URLs (depth 2)
    Found 56 URLs (depth 2)
    Found 56 URLs (depth 2)
    Found 59 URLs (depth 2)
    Found 59 URLs (depth 2)
    Found 59 URLs (depth 2)
    Found 59 URLs (depth 2)
    Found 59 URLs (depth 2)
    Found 63 URLs (depth 2)
    Found 67 URLs (depth 2)
    Found 67 URLs (depth 3)
    Found 67 URLs (depth 3)
    Found 67 URLs (depth 3)
    Found 67 URLs (depth 3)
  Total URLs discovered: 67
  [1/50] Scraping: https://old-academy.creatio.com/documents/mobile/7-16/how-work-cases-section...
    ✓ Saved: Untitled
  [2/50] Scraping: https://old-academy.creatio.com/documents/mobile/7-16/adding-details#XREF_48914...
    ✓ Saved: Untitled
  [3/50] Scraping: https://old-academy.creatio.com/documents/mobile/7-16/mobile-application-setting...
    ✓ Saved: Untitled
  [4/50] Scraping: https://old-academy.creatio.com/documents/mobile/7-16/onlineoffline-modes#HT_cha...
    ✓ Saved: Untitled
  [5/50] Scraping: https://old-academy.creatio.com/documents/mobile/7-16/how-add-fields-page-mobile...
    ✓ Saved: Untitled
  [6/50] Scraping: https://old-academy.creatio.com/documents/mobile/7-16/how-set-workplaces-mobile-...
    ✓ Saved: Untitled
  [7/50] Scraping: https://old-academy.creatio.com/documents/mobile/7-16/mobile-application#main-co...
    ✓ Saved: Untitled
  [8/50] Scraping: https://old-academy.creatio.com/documents/mobile/7-16/installation-and-first-log...
    ✓ Saved: Untitled
  [9/50] Scraping: https://old-academy.creatio.com/documents/mobile/7-16/how-set-lists-mobile-appli...
    ✓ Saved: Untitled
  [12/50] Scraping: https://old-academy.creatio.com/documents/mobile/7-16/mobile-application-wizard...
    ✓ Saved: Untitled
  [13/50] Scraping: https://old-academy.creatio.com/documents/mobile/7-16/mobile-application-faq#XRE...
    ✓ Saved: Untitled
  [14/50] Scraping: https://old-academy.creatio.com/documents/mobile/7-16/approval-records-mobile-ap...
    ✓ Saved: Untitled
  [16/50] Scraping: https://old-academy.creatio.com/documents/mobile/7-16/mobile-application-filters...
    ✓ Saved: Untitled
  [18/50] Scraping: https://old-academy.creatio.com/documents/mobile/7-16/mobile-application-interfa...
    ✓ Saved: Untitled
  [19/50] Scraping: https://old-academy.creatio.com/documents/mobile/7-16/mobile-application-section...
    ✓ Saved: Untitled
  [22/50] Scraping: https://old-academy.creatio.com/documents/mobile/7-16/how-work-dashboards-sectio...
    ✓ Saved: Untitled
  [23/50] Scraping: https://old-academy.creatio.com/documents/mobile/7-16/setting-mobile-app-section...
    ✓ Saved: Untitled
  [25/50] Scraping: https://old-academy.creatio.com/documents/mobile/7-16/system-requirements-mobile...
    ✓ Saved: Untitled
  [28/50] Scraping: https://old-academy.creatio.com/documents/mobile/7-16/how-edit-section-records-m...
    ✓ Saved: Untitled
  [32/50] Scraping: https://old-academy.creatio.com/documents/mobile/7-16/editing-details...
    ✓ Saved: Untitled
  [33/50] Scraping: https://old-academy.creatio.com/documents/mobile/7-16/mobile-application-setup...
    ✓ Saved: Untitled
  [40/50] Scraping: https://old-academy.creatio.com/documents/mobile/7-16/work-calendar#XREF_14283...
    ✓ Saved: Untitled
  [45/50] Scraping: https://old-academy.creatio.com/documents/mobile/7-16/mobile-application-list#XR...
    ✓ Saved: Untitled

============================================================
CRAWL COMPLETE
============================================================
Total pages: 23
Successful: 23
Failed: 0
Sections: 1
Markdown files: 479
