
============================================================
Crawling: sales-team
Start URL: https://old-academy.creatio.com/documents/sales-team/last/sales-creatio-team
============================================================
  Discovering URLs with Playwright from: https://old-academy.creatio.com/documents/sales-team/last/sales-creatio-team
    Found 39 URLs (depth 0)
    Found 39 URLs (depth 1)
    Found 89 URLs (depth 1)
    Found 104 URLs (depth 1)
    Found 139 URLs (depth 1)
    Found 152 URLs (depth 1)
    Found 165 URLs (depth 1)
    Found 174 URLs (depth 1)
    Found 182 URLs (depth 1)
    Found 204 URLs (depth 1)
    Found 224 URLs (depth 1)
    Found 254 URLs (depth 1)
    Found 269 URLs (depth 1)
    Found 289 URLs (depth 1)
    Found 299 URLs (depth 1)
    Found 315 URLs (depth 1)
    Found 324 URLs (depth 1)
    Found 331 URLs (depth 1)
    Found 338 URLs (depth 1)
    Found 344 URLs (depth 1)
    Found 351 URLs (depth 1)
    Found 351 URLs (depth 1)
    Found 351 URLs (depth 1)
    Found 351 URLs (depth 1)
    Found 351 URLs (depth 1)
    Found 351 URLs (depth 1)
    Found 351 URLs (depth 1)
    Found 357 URLs (depth 2)
    Found 367 URLs (depth 2)
    Found 368 URLs (depth 2)
    Found 369 URLs (depth 2)
    Found 369 URLs (depth 2)
    Found 375 URLs (depth 2)
    Found 381 URLs (depth 2)
    Found 391 URLs (depth 2)
    Found 391 URLs (depth 2)
    Found 391 URLs (depth 2)
    Found 391 URLs (depth 2)
    Found 401 URLs (depth 2)
    Found 415 URLs (depth 2)
    Found 417 URLs (depth 2)
    Found 425 URLs (depth 2)
    Found 429 URLs (depth 2)
    Found 429 URLs (depth 2)
    Found 439 URLs (depth 2)
    Found 439 URLs (depth 2)
    Found 465 URLs (depth 2)
    Found 471 URLs (depth 2)
    Found 479 URLs (depth 2)
    Found 499 URLs (depth 2)
    Found 503 URLs (depth 2)
  Total URLs discovered: 503
  [1/100] Scraping: https://old-academy.creatio.com/documents/administration/7-16/change-log-section...
    ✓ Saved: Untitled
  [2/100] Scraping: https://old-academy.creatio.com/documents/sales-team/7-16/actions-activities-sec...
    ✓ Saved: Untitled
  [3/100] Scraping: https://old-academy.creatio.com/documents/base/7-16/list-faq#XREF_65365...
    ✓ Saved: Untitled
  [4/100] Scraping: https://old-academy.creatio.com/documents/administration/7-16/color-customizatio...
    ✓ Saved: Untitled
  [5/100] Scraping: https://old-academy.creatio.com/documents/sales-team/7-16/contact-age-calculatio...
    ✓ Saved: Untitled
  [6/100] Scraping: https://old-academy.creatio.com/documents/base/7-16/creatio-interface#XREF_98941...
    ✓ Saved: Untitled
  [7/100] Scraping: https://old-academy.creatio.com/documents/sales-team/7-16/knowledge-base-section...
    ✓ Saved: Untitled
  [8/100] Scraping: https://old-academy.creatio.com/documents/administration/7-16/lookups-section?do...
    ✓ Saved: Untitled
  [9/100] Scraping: https://old-academy.creatio.com/documents/sales-team/7-16/leads-faq#XREF_30901...
    ✓ Saved: Untitled
  [10/100] Scraping: https://old-academy.creatio.com/documents/base/7-16/business-process-launch#XREF...
    ✓ Saved: Untitled
  [11/100] Scraping: https://old-academy.creatio.com/documents/sales-team/7-16/sections?document=team...
    ✓ Saved: Untitled
  [12/100] Scraping: https://old-academy.creatio.com/documents/sales-team/7-16/account-page#XREF_9093...
    ✓ Saved: Untitled
  [13/100] Scraping: https://old-academy.creatio.com/documents/sales-team/7-16/analytics-products-sec...
    ✓ Saved: Untitled
  [14/100] Scraping: https://old-academy.creatio.com/documents/sales-team/7-16/actions-leads-section?...
    ✓ Saved: Untitled
  [15/100] Scraping: https://old-academy.creatio.com/documents/sales-team/7-16/actions-opportunities-...
    ✓ Saved: Untitled
  [16/100] Scraping: https://old-academy.creatio.com/documents/sales-team/7-16/document-page#HT_specs...
    ✓ Saved: Untitled
  [17/100] Scraping: https://old-academy.creatio.com/documents/base/7-16/how-import-customer-database...
    ✓ Saved: Untitled
  [18/100] Scraping: https://old-academy.creatio.com/documents/sales-team/7-16/channels-view#HT_secti...
    ✓ Saved: Untitled
  [19/100] Scraping: https://old-academy.creatio.com/documents/base/7-16/currencies-faq#XREF_88854...
    ✓ Saved: Untitled
  [20/100] Scraping: https://old-academy.creatio.com/documents/administration/7-16/installed-applicat...
    ✓ Saved: Untitled
  [21/100] Scraping: https://old-academy.creatio.com/documents/sales-team/7-16/feed-view?document=tea...
    ✓ Saved: Untitled
  [22/100] Scraping: https://old-academy.creatio.com/documents/administration/7-16/managing-users#XRE...
    ✓ Saved: Untitled
  [23/100] Scraping: https://old-academy.creatio.com/documents/administration/7-16/system-operation-p...
    ✓ Saved: Untitled
  [24/100] Scraping: https://old-academy.creatio.com/documents/base/7-16/working-currencies#XREF_5175...
    ✓ Saved: Untitled
  [25/100] Scraping: https://old-academy.creatio.com/documents/base/7-16/localizing-email-templates?d...
    ✓ Saved: Untitled
  [26/100] Scraping: https://old-academy.creatio.com/documents/administration/7-16/object-permissions...
    ✓ Saved: Untitled
  [27/100] Scraping: https://old-academy.creatio.com/documents/base/7-16/searching-duplicates#XREF_86...
    ✓ Saved: Untitled
  [28/100] Scraping: https://old-academy.creatio.com/documents/base/7-16/how-upload-emails-creatio#XR...
    ✓ Saved: Untitled
  [29/100] Scraping: https://old-academy.creatio.com/documents/base/7-16/setting-sending-localized-em...
    ✓ Saved: Untitled
  [30/100] Scraping: https://old-academy.creatio.com/documents/sales-team/7-16/analytics-contacts-sec...
    ✓ Saved: Untitled
  [31/100] Scraping: https://old-academy.creatio.com/documents/base/7-16/excel-data-import?document=t...
    ✓ Saved: Untitled
  [32/100] Scraping: https://old-academy.creatio.com/documents/sales-team/7-16/how-connect-your-websi...
    ✓ Saved: Untitled
  [33/100] Scraping: https://old-academy.creatio.com/documents/base/7-16/transferring-calls-another-n...
    ✓ Saved: Untitled
  [34/100] Scraping: https://old-academy.creatio.com/documents/base/7-16/conversation-mode?document=t...
    ✓ Saved: Untitled
  [36/100] Scraping: https://old-academy.creatio.com/documents/base/7-16/exporting-list-data-excel#XR...
    ✓ Saved: Untitled
  [37/100] Scraping: https://old-academy.creatio.com/documents/base/7-16/notification-center?document...
    ✓ Saved: Untitled
  [38/100] Scraping: https://old-academy.creatio.com/documents/base/7-16/finding-and-merging-duplicat...
    ✓ Saved: Untitled
  [39/100] Scraping: https://old-academy.creatio.com/documents/sales-team/7-16/knowledge-base-article...
    ✓ Saved: Untitled
  [40/100] Scraping: https://old-academy.creatio.com/documents/sales-team/7-16/how-lead-predictive-sc...
    ✓ Saved: Untitled
  [41/100] Scraping: https://old-academy.creatio.com/documents/base/7-16/folders?document=team...
    ✓ Saved: Untitled
  [42/100] Scraping: https://old-academy.creatio.com/documents/base/7-16/how-process-emails#XREF_4838...
    ✓ Saved: Untitled
  [43/100] Scraping: https://old-academy.creatio.com/documents/sales-team/7-16/contact-page#XREF_4418...
    ✓ Saved: Untitled
  [44/100] Scraping: https://old-academy.creatio.com/documents/base/7-16/advanced-filter#XREF_20034...
    ✓ Saved: Untitled
  [45/100] Scraping: https://old-academy.creatio.com/documents/administration/7-16/system-settings-se...
    ✓ Saved: Untitled
  [46/100] Scraping: https://old-academy.creatio.com/documents/base/7-16/data-enrichment#XREF_73986...
    ✓ Saved: Untitled
  [47/100] Scraping: https://old-academy.creatio.com/documents/base/7-16/how-work-currency-fields?doc...
    ✓ Saved: Untitled
  [50/100] Scraping: https://old-academy.creatio.com/documents/base/7-16/working-emails-faq#XREF_7988...
    ✓ Saved: Untitled
  [51/100] Scraping: https://old-academy.creatio.com/documents/sales-team/7-16/how-merge-several-comp...
    ✓ Saved: Untitled
  [52/100] Scraping: https://old-academy.creatio.com/documents/sales-team/7-16/analytics-knowledge-ba...
    ✓ Saved: Untitled
  [53/100] Scraping: https://old-academy.creatio.com/documents/sales-team/7-16/accounts-section#HT_sp...
    ✓ Saved: Untitled
  [54/100] Scraping: https://old-academy.creatio.com/documents/base/7-16/duplicate-search-setup#XREF_...
    ✓ Saved: Untitled
  [55/100] Scraping: https://old-academy.creatio.com/documents/base/7-16/how-create-dynamic-folder#XR...
    ✓ Saved: Untitled
  [56/100] Scraping: https://old-academy.creatio.com/documents/base/7-16/working-emails#XREF_89185...
    ✓ Saved: Untitled
  [57/100] Scraping: https://old-academy.creatio.com/documents/administration/7-16/integration-email-...
    ✓ Saved: Untitled
  [58/100] Scraping: https://old-academy.creatio.com/documents/base/7-16/contact-profile-enrichment#X...
    ✓ Saved: Untitled
  [60/100] Scraping: https://old-academy.creatio.com/documents/sales-team/7-16/analytics-accounts-sec...
    ✓ Saved: Untitled
  [61/100] Scraping: https://old-academy.creatio.com/documents/sales-team/7-16/products-section#HT_sp...
    ✓ Saved: Untitled
  [63/100] Scraping: https://old-academy.creatio.com/documents/base/7-16/account-profile-enrichment#X...
    ✓ Saved: Untitled
  [64/100] Scraping: https://old-academy.creatio.com/documents/base/7-16/setting-columns#XREF_16831...
    ✓ Saved: Untitled
  [65/100] Scraping: https://old-academy.creatio.com/documents/base/7-16/creatio-core-functions?docum...
    ✓ Saved: Untitled
  [67/100] Scraping: https://old-academy.creatio.com/documents/base/7-16/setting-summaries-columns#XR...
    ✓ Saved: Untitled
  [68/100] Scraping: https://old-academy.creatio.com/documents/base/7-16/navigation-system?document=t...
    ✓ Saved: Untitled
  [69/100] Scraping: https://old-academy.creatio.com/documents/base/7-16/how-update-product-prices?do...
    ✓ Saved: Untitled
  [70/100] Scraping: https://old-academy.creatio.com/documents/sales-team/7-16/landing-page-setup-faq...
    ✓ Saved: Untitled
  [71/100] Scraping: https://old-academy.creatio.com/documents/base/7-16/quick-filter?document=team...
    ✓ Saved: Untitled
  [73/100] Scraping: https://old-academy.creatio.com/documents/sales-team/7-16/analytics-activities-s...
    ✓ Saved: Untitled
  [74/100] Scraping: https://old-academy.creatio.com/documents/base/7-16/time-zones#XREF_45814...
    ✓ Saved: Untitled
  [75/100] Scraping: https://old-academy.creatio.com/documents/base/7-16/tags-faq#XREF_27778...
    ✓ Saved: Untitled
  [76/100] Scraping: https://old-academy.creatio.com/documents/base/7-16/setting-advanced-filter-tagg...
    ✓ Saved: Untitled
  [77/100] Scraping: https://old-academy.creatio.com/documents/sales-team/7-16/how-set-landing-page-u...
    ✓ Saved: Untitled
  [79/100] Scraping: https://old-academy.creatio.com/documents/base/7-16/how-plan-activities-particip...
    ✓ Saved: Untitled
  [80/100] Scraping: https://old-academy.creatio.com/documents/sales-team/7-16/opportunities-section?...
    ✓ Saved: Untitled
  [81/100] Scraping: https://old-academy.creatio.com/documents/base/7-16/currencies-lookup#XREF_31595...
    ✓ Saved: Untitled
  [82/100] Scraping: https://old-academy.creatio.com/documents/base/7-16/call-recording-and-playback#...
    ✓ Saved: Untitled
  [83/100] Scraping: https://old-academy.creatio.com/documents/sales-team/7-16/dashboards-leads-secti...
    ✓ Saved: Untitled
  [84/100] Scraping: https://old-academy.creatio.com/documents/base/7-16/how-create-static-folder?doc...
    ✓ Saved: Untitled
  [85/100] Scraping: https://old-academy.creatio.com/documents/sales-team/7-16/documents-section#XREF...
    ✓ Saved: Untitled
  [86/100] Scraping: https://old-academy.creatio.com/documents/base/7-16/record-lists#XREF_28546...
    ✓ Saved: Untitled
  [87/100] Scraping: https://old-academy.creatio.com/documents/base/7-16/how-determine-current-local-...
    ✓ Saved: Untitled
  [88/100] Scraping: https://old-academy.creatio.com/documents/sales-team/7-16/introduction?document=...
    ✓ Saved: Untitled
  [89/100] Scraping: https://old-academy.creatio.com/documents/base/7-16/managing-calls?document=team...
    ✓ Saved: Untitled
  [90/100] Scraping: https://old-academy.creatio.com/documents/administration/7-16/users-and-permissi...
    ✓ Saved: Untitled
  [91/100] Scraping: https://old-academy.creatio.com/documents/base/7-16/analytical-reports#XREF_1343...
    ✓ Saved: Untitled
  [92/100] Scraping: https://old-academy.creatio.com/documents/base/7-16/how-bind-emails-creatio-reco...
    ✓ Saved: Untitled
  [93/100] Scraping: https://old-academy.creatio.com/documents/base/7-16/command-line#XREF_25614...
    ✓ Saved: Untitled
  [94/100] Scraping: https://old-academy.creatio.com/documents/sales-team/7-16/finding-and-merging-du...
    ✓ Saved: Untitled
  [95/100] Scraping: https://old-academy.creatio.com/documents/sales-team/7-16/percentage-profile-com...
    ✓ Saved: Untitled
  [96/100] Scraping: https://old-academy.creatio.com/documents/base/7-16/dashboard-tiles#HT_chapter_a...
    ✓ Saved: Untitled
  [99/100] Scraping: https://old-academy.creatio.com/documents/base/7-16/business-process-tasks#XREF_...
    ✓ Saved: Untitled
  [100/100] Scraping: https://old-academy.creatio.com/documents/administration/7-16/audit-log-section#...
    ✓ Saved: Untitled

============================================================
CRAWL COMPLETE
============================================================
Total pages: 90
Successful: 90
Failed: 0
Sections: 1
Markdown files: 626
